   0  $accept : program $end

   1  program : translation_unit

   2  translation_unit : external_declaration
   3                   | translation_unit external_declaration

   4  external_declaration : function_definition
   5                       | declaration

   6  function_definition : declaration_specifiers declarator compound_statement
   7                      | declaration_specifiers declarator declaration_list compound_statement
   8                      | declarator compound_statement
   9                      | declarator declaration_list compound_statement

  10  declaration_list : declaration
  11                   | declaration_list declaration

  12  compound_statement : '{' '}'
  13                     | '{' compound_list '}'

  14  compound_list : statement
  15                | declaration
  16                | compound_list statement
  17                | compound_list declaration

  18  statement : compound_statement
  19            | expression_statement
  20            | selection_statement
  21            | labeled_statement
  22            | iteration_statement
  23            | jump_statement

  24  labeled_statement : IDENTIFIER ':' statement
  25                    | CASE conditional_expression ':' statement
  26                    | DEFAULT ':' statement

  27  selection_statement : IF '(' expression ')' compound_statement
  28                      | IF '(' expression ')' compound_statement ELSE compound_statement
  29                      | SWITCH '(' expression ')' compound_statement

  30  iteration_statement : WHILE '(' expression ')' statement
  31                      | DO statement WHILE '(' expression ')' ';'
  32                      | FOR '(' expression_statement expression_statement ')' statement
  33                      | FOR '(' expression_statement expression_statement expression ')' statement

  34  jump_statement : CONTINUE ';'
  35                 | BREAK ';'
  36                 | RETURN ';'
  37                 | RETURN expression ';'

  38  expression_statement : ';'
  39                       | expression ';'

  40  declaration : scalar_declaration ';'
  41              | array_declaration ';'
  42              | const_declaration ';'
  43              | function_declaration ';'

  44  scalar_declaration : declaration_specifiers
  45                     | declaration_specifiers init_declarator_list

  46  array_declaration : declaration_specifiers
  47                    | declaration_specifiers init_declarator_list

  48  const_declaration : CONST scalar_declaration
  49                    | CONST array_declaration

  50  function_declaration : declaration_specifiers function_declarator

  51  declaration_specifiers : type_specifier
  52                         | type_specifier declaration_specifiers

  53  type_specifier : VOID
  54                 | CHAR
  55                 | SHORT
  56                 | INT
  57                 | LONG
  58                 | FLOAT
  59                 | DOUBLE
  60                 | SIGNED
  61                 | UNSIGNED

  62  init_declarator_list : init_declarator
  63                       | init_declarator_list ',' init_declarator

  64  init_declarator : declarator
  65                  | declarator '=' initializer

  66  declarator : direct_declarator
  67             | array_declarator
  68             | function_declarator
  69             | '(' declarator ')'

  70  direct_declarator : IDENTIFIER

  71  array_declarator : declarator '[' conditional_expression ']'

  72  function_declarator : declarator '(' parameter_type_list ')'
  73                      | declarator '(' ')'

  74  parameter_type_list : parameter_list
  75                      | parameter_list ',' ELLIPSIS

  76  parameter_list : parameter_declaration
  77                 | parameter_list ',' parameter_declaration

  78  parameter_declaration : declaration_specifiers declarator
  79                        | declaration_specifiers

  80  identifier_list : IDENTIFIER
  81                  | identifier_list ',' IDENTIFIER

  82  initializer : assignment_expression
  83              | '{' initializer_list '}'
  84              | '{' initializer_list ',' '}'

  85  initializer_list : initializer
  86                   | initializer_list ',' initializer

  87  expression : assignment_expression
  88             | expression ',' assignment_expression

  89  assignment_expression : conditional_expression
  90                        | unary_expression assignment_operator assignment_expression

  91  assignment_operator : '='
  92                      | MUL_ASSIGN
  93                      | DIV_ASSIGN
  94                      | MOD_ASSIGN
  95                      | ADD_ASSIGN
  96                      | SUB_ASSIGN

  97  conditional_expression : logical_or_expression
  98                         | logical_or_expression '?' expression ':' conditional_expression

  99  logical_or_expression : logical_and_expression
 100                        | logical_or_expression OR_OP logical_and_expression

 101  logical_and_expression : inclusive_or_expression
 102                         | logical_and_expression AND_OP inclusive_or_expression

 103  inclusive_or_expression : exclusive_or_expression
 104                          | inclusive_or_expression '|' exclusive_or_expression

 105  exclusive_or_expression : and_expression
 106                          | exclusive_or_expression '^' and_expression

 107  and_expression : equality_expression
 108                 | and_expression '&' equality_expression

 109  equality_expression : relational_expression
 110                      | equality_expression EQ_OP relational_expression
 111                      | equality_expression NE_OP relational_expression

 112  relational_expression : shift_expression
 113                        | relational_expression '<' shift_expression
 114                        | relational_expression '>' shift_expression
 115                        | relational_expression LE_OP shift_expression
 116                        | relational_expression GE_OP shift_expression

 117  shift_expression : additive_expression
 118                   | shift_expression LEFT_OP additive_expression
 119                   | shift_expression RIGHT_OP additive_expression

 120  additive_expression : additive_expression '+' multiplicative_expression
 121                      | additive_expression '-' multiplicative_expression
 122                      | multiplicative_expression

 123  multiplicative_expression : multiplicative_expression '*' cast_expression
 124                            | multiplicative_expression '/' cast_expression
 125                            | multiplicative_expression '%' cast_expression
 126                            | cast_expression

 127  cast_expression : unary_expression
 128                  | '(' type_specifier ')' cast_expression

 129  unary_expression : postfix_expression
 130                   | INC_OP unary_expression
 131                   | DEC_OP unary_expression
 132                   | unary_operator cast_expression

 133  unary_operator : '&'
 134                 | '*'
 135                 | '+'
 136                 | '-'
 137                 | '~'
 138                 | '!'

 139  postfix_expression : primary_expression
 140                     | FUNCTION
 141                     | postfix_expression '[' expression ']'
 142                     | postfix_expression '(' ')'
 143                     | postfix_expression '(' argument_expression_list ')'
 144                     | postfix_expression INC_OP
 145                     | postfix_expression DEC_OP

 146  argument_expression_list : assignment_expression
 147                           | argument_expression_list ',' assignment_expression

 148  primary_expression : '(' expression ')'
 149                     | constant
 150                     | IDENTIFIER
 151                     | STRING_LITERAL

 152  constant : CONSTANT
 153           | CCONSTANT
 154           | FCONSTANT

state 0
	$accept : . program $end  (0)

	IDENTIFIER  shift 1
	CHAR  shift 2
	SHORT  shift 3
	INT  shift 4
	LONG  shift 5
	SIGNED  shift 6
	UNSIGNED  shift 7
	FLOAT  shift 8
	DOUBLE  shift 9
	CONST  shift 10
	VOID  shift 11
	'('  shift 12
	.  error

	program  goto 13
	scalar_declaration  goto 14
	array_declaration  goto 15
	const_declaration  goto 16
	function_declaration  goto 17
	array_declarator  goto 18
	function_declarator  goto 19
	declaration  goto 20
	declaration_specifiers  goto 21
	type_specifier  goto 22
	declarator  goto 23
	direct_declarator  goto 24
	function_definition  goto 25
	external_declaration  goto 26
	translation_unit  goto 27


state 1
	direct_declarator : IDENTIFIER .  (70)

	.  reduce 70


state 2
	type_specifier : CHAR .  (54)

	.  reduce 54


state 3
	type_specifier : SHORT .  (55)

	.  reduce 55


state 4
	type_specifier : INT .  (56)

	.  reduce 56


state 5
	type_specifier : LONG .  (57)

	.  reduce 57


state 6
	type_specifier : SIGNED .  (60)

	.  reduce 60


state 7
	type_specifier : UNSIGNED .  (61)

	.  reduce 61


state 8
	type_specifier : FLOAT .  (58)

	.  reduce 58


state 9
	type_specifier : DOUBLE .  (59)

	.  reduce 59


state 10
	const_declaration : CONST . scalar_declaration  (48)
	const_declaration : CONST . array_declaration  (49)

	CHAR  shift 2
	SHORT  shift 3
	INT  shift 4
	LONG  shift 5
	SIGNED  shift 6
	UNSIGNED  shift 7
	FLOAT  shift 8
	DOUBLE  shift 9
	VOID  shift 11
	.  error

	scalar_declaration  goto 28
	array_declaration  goto 29
	declaration_specifiers  goto 30
	type_specifier  goto 22


state 11
	type_specifier : VOID .  (53)

	.  reduce 53


state 12
	declarator : '(' . declarator ')'  (69)

	IDENTIFIER  shift 1
	'('  shift 12
	.  error

	array_declarator  goto 18
	function_declarator  goto 19
	declarator  goto 31
	direct_declarator  goto 24


state 13
	$accept : program . $end  (0)

	$end  accept


state 14
	declaration : scalar_declaration . ';'  (40)

	';'  shift 32
	.  error


state 15
	declaration : array_declaration . ';'  (41)

	';'  shift 33
	.  error


state 16
	declaration : const_declaration . ';'  (42)

	';'  shift 34
	.  error


state 17
	declaration : function_declaration . ';'  (43)

	';'  shift 35
	.  error


state 18
	declarator : array_declarator .  (67)

	.  reduce 67


state 19
	declarator : function_declarator .  (68)

	.  reduce 68


state 20
	external_declaration : declaration .  (5)

	.  reduce 5


21: reduce/reduce conflict (reduce 44, reduce 46) on ';'
state 21
	function_definition : declaration_specifiers . declarator compound_statement  (6)
	function_definition : declaration_specifiers . declarator declaration_list compound_statement  (7)
	scalar_declaration : declaration_specifiers .  (44)
	scalar_declaration : declaration_specifiers . init_declarator_list  (45)
	array_declaration : declaration_specifiers .  (46)
	array_declaration : declaration_specifiers . init_declarator_list  (47)
	function_declaration : declaration_specifiers . function_declarator  (50)

	IDENTIFIER  shift 1
	'('  shift 12
	';'  reduce 44

	array_declarator  goto 18
	function_declarator  goto 36
	init_declarator_list  goto 37
	init_declarator  goto 38
	declarator  goto 39
	direct_declarator  goto 24


state 22
	declaration_specifiers : type_specifier .  (51)
	declaration_specifiers : type_specifier . declaration_specifiers  (52)

	CHAR  shift 2
	SHORT  shift 3
	INT  shift 4
	LONG  shift 5
	SIGNED  shift 6
	UNSIGNED  shift 7
	FLOAT  shift 8
	DOUBLE  shift 9
	VOID  shift 11
	IDENTIFIER  reduce 51
	';'  reduce 51
	','  reduce 51
	'('  reduce 51
	')'  reduce 51

	declaration_specifiers  goto 40
	type_specifier  goto 22


state 23
	function_definition : declarator . compound_statement  (8)
	function_definition : declarator . declaration_list compound_statement  (9)
	array_declarator : declarator . '[' conditional_expression ']'  (71)
	function_declarator : declarator . '(' parameter_type_list ')'  (72)
	function_declarator : declarator . '(' ')'  (73)

	CHAR  shift 2
	SHORT  shift 3
	INT  shift 4
	LONG  shift 5
	SIGNED  shift 6
	UNSIGNED  shift 7
	FLOAT  shift 8
	DOUBLE  shift 9
	CONST  shift 10
	VOID  shift 11
	'{'  shift 41
	'('  shift 42
	'['  shift 43
	.  error

	scalar_declaration  goto 14
	array_declaration  goto 15
	const_declaration  goto 16
	function_declaration  goto 17
	compound_statement  goto 44
	declaration  goto 45
	declaration_specifiers  goto 46
	type_specifier  goto 22
	declaration_list  goto 47


state 24
	declarator : direct_declarator .  (66)

	.  reduce 66


state 25
	external_declaration : function_definition .  (4)

	.  reduce 4


state 26
	translation_unit : external_declaration .  (2)

	.  reduce 2


state 27
	program : translation_unit .  (1)
	translation_unit : translation_unit . external_declaration  (3)

	IDENTIFIER  shift 1
	CHAR  shift 2
	SHORT  shift 3
	INT  shift 4
	LONG  shift 5
	SIGNED  shift 6
	UNSIGNED  shift 7
	FLOAT  shift 8
	DOUBLE  shift 9
	CONST  shift 10
	VOID  shift 11
	'('  shift 12
	$end  reduce 1

	scalar_declaration  goto 14
	array_declaration  goto 15
	const_declaration  goto 16
	function_declaration  goto 17
	array_declarator  goto 18
	function_declarator  goto 19
	declaration  goto 20
	declaration_specifiers  goto 21
	type_specifier  goto 22
	declarator  goto 23
	direct_declarator  goto 24
	function_definition  goto 25
	external_declaration  goto 48


state 28
	const_declaration : CONST scalar_declaration .  (48)

	.  reduce 48


state 29
	const_declaration : CONST array_declaration .  (49)

	.  reduce 49


30: reduce/reduce conflict (reduce 44, reduce 46) on ';'
state 30
	scalar_declaration : declaration_specifiers .  (44)
	scalar_declaration : declaration_specifiers . init_declarator_list  (45)
	array_declaration : declaration_specifiers .  (46)
	array_declaration : declaration_specifiers . init_declarator_list  (47)

	IDENTIFIER  shift 1
	'('  shift 12
	';'  reduce 44

	array_declarator  goto 18
	function_declarator  goto 19
	init_declarator_list  goto 37
	init_declarator  goto 38
	declarator  goto 49
	direct_declarator  goto 24


state 31
	declarator : '(' declarator . ')'  (69)
	array_declarator : declarator . '[' conditional_expression ']'  (71)
	function_declarator : declarator . '(' parameter_type_list ')'  (72)
	function_declarator : declarator . '(' ')'  (73)

	'('  shift 42
	')'  shift 50
	'['  shift 43
	.  error


state 32
	declaration : scalar_declaration ';' .  (40)

	.  reduce 40


state 33
	declaration : array_declaration ';' .  (41)

	.  reduce 41


state 34
	declaration : const_declaration ';' .  (42)

	.  reduce 42


state 35
	declaration : function_declaration ';' .  (43)

	.  reduce 43


36: reduce/reduce conflict (reduce 50, reduce 68) on ';'
state 36
	function_declaration : declaration_specifiers function_declarator .  (50)
	declarator : function_declarator .  (68)

	CHAR  reduce 68
	SHORT  reduce 68
	INT  reduce 68
	LONG  reduce 68
	SIGNED  reduce 68
	UNSIGNED  reduce 68
	FLOAT  reduce 68
	DOUBLE  reduce 68
	CONST  reduce 68
	VOID  reduce 68
	';'  reduce 50
	','  reduce 68
	'='  reduce 68
	'{'  reduce 68
	'('  reduce 68
	'['  reduce 68


37: reduce/reduce conflict (reduce 45, reduce 47) on ';'
state 37
	scalar_declaration : declaration_specifiers init_declarator_list .  (45)
	array_declaration : declaration_specifiers init_declarator_list .  (47)
	init_declarator_list : init_declarator_list . ',' init_declarator  (63)

	','  shift 51
	';'  reduce 45


state 38
	init_declarator_list : init_declarator .  (62)

	.  reduce 62


state 39
	function_definition : declaration_specifiers declarator . compound_statement  (6)
	function_definition : declaration_specifiers declarator . declaration_list compound_statement  (7)
	init_declarator : declarator .  (64)
	init_declarator : declarator . '=' initializer  (65)
	array_declarator : declarator . '[' conditional_expression ']'  (71)
	function_declarator : declarator . '(' parameter_type_list ')'  (72)
	function_declarator : declarator . '(' ')'  (73)

	CHAR  shift 2
	SHORT  shift 3
	INT  shift 4
	LONG  shift 5
	SIGNED  shift 6
	UNSIGNED  shift 7
	FLOAT  shift 8
	DOUBLE  shift 9
	CONST  shift 10
	VOID  shift 11
	'='  shift 52
	'{'  shift 41
	'('  shift 42
	'['  shift 43
	';'  reduce 64
	','  reduce 64

	scalar_declaration  goto 14
	array_declaration  goto 15
	const_declaration  goto 16
	function_declaration  goto 17
	compound_statement  goto 53
	declaration  goto 45
	declaration_specifiers  goto 46
	type_specifier  goto 22
	declaration_list  goto 54


state 40
	declaration_specifiers : type_specifier declaration_specifiers .  (52)

	.  reduce 52


state 41
	compound_statement : '{' . '}'  (12)
	compound_statement : '{' . compound_list '}'  (13)

	IDENTIFIER  shift 55
	FCONSTANT  shift 56
	CONSTANT  shift 57
	CCONSTANT  shift 58
	STRING_LITERAL  shift 59
	INC_OP  shift 60
	DEC_OP  shift 61
	CHAR  shift 2
	SHORT  shift 3
	INT  shift 4
	LONG  shift 5
	SIGNED  shift 6
	UNSIGNED  shift 7
	FLOAT  shift 8
	DOUBLE  shift 9
	CONST  shift 10
	VOID  shift 11
	CASE  shift 62
	DEFAULT  shift 63
	IF  shift 64
	SWITCH  shift 65
	WHILE  shift 66
	DO  shift 67
	FOR  shift 68
	CONTINUE  shift 69
	BREAK  shift 70
	RETURN  shift 71
	FUNCTION  shift 72
	';'  shift 73
	'&'  shift 74
	'+'  shift 75
	'-'  shift 76
	'*'  shift 77
	'{'  shift 41
	'}'  shift 78
	'('  shift 79
	'~'  shift 80
	'!'  shift 81
	.  error

	scalar_declaration  goto 14
	array_declaration  goto 15
	const_declaration  goto 16
	function_declaration  goto 17
	constant  goto 82
	primary_expression  goto 83
	postfix_expression  goto 84
	unary_operator  goto 85
	unary_expression  goto 86
	cast_expression  goto 87
	multiplicative_expression  goto 88
	additive_expression  goto 89
	shift_expression  goto 90
	relational_expression  goto 91
	equality_expression  goto 92
	and_expression  goto 93
	exclusive_or_expression  goto 94
	inclusive_or_expression  goto 95
	logical_and_expression  goto 96
	logical_or_expression  goto 97
	conditional_expression  goto 98
	assignment_expression  goto 99
	expression  goto 100
	expression_statement  goto 101
	statement  goto 102
	compound_statement  goto 103
	compound_list  goto 104
	selection_statement  goto 105
	jump_statement  goto 106
	iteration_statement  goto 107
	labeled_statement  goto 108
	declaration  goto 109
	declaration_specifiers  goto 46
	type_specifier  goto 22


state 42
	function_declarator : declarator '(' . parameter_type_list ')'  (72)
	function_declarator : declarator '(' . ')'  (73)

	CHAR  shift 2
	SHORT  shift 3
	INT  shift 4
	LONG  shift 5
	SIGNED  shift 6
	UNSIGNED  shift 7
	FLOAT  shift 8
	DOUBLE  shift 9
	VOID  shift 11
	')'  shift 110
	.  error

	declaration_specifiers  goto 111
	type_specifier  goto 22
	parameter_type_list  goto 112
	parameter_list  goto 113
	parameter_declaration  goto 114


state 43
	array_declarator : declarator '[' . conditional_expression ']'  (71)

	IDENTIFIER  shift 115
	FCONSTANT  shift 56
	CONSTANT  shift 57
	CCONSTANT  shift 58
	STRING_LITERAL  shift 59
	INC_OP  shift 60
	DEC_OP  shift 61
	FUNCTION  shift 72
	'&'  shift 74
	'+'  shift 75
	'-'  shift 76
	'*'  shift 77
	'('  shift 79
	'~'  shift 80
	'!'  shift 81
	.  error

	constant  goto 82
	primary_expression  goto 83
	postfix_expression  goto 84
	unary_operator  goto 85
	unary_expression  goto 116
	cast_expression  goto 87
	multiplicative_expression  goto 88
	additive_expression  goto 89
	shift_expression  goto 90
	relational_expression  goto 91
	equality_expression  goto 92
	and_expression  goto 93
	exclusive_or_expression  goto 94
	inclusive_or_expression  goto 95
	logical_and_expression  goto 96
	logical_or_expression  goto 97
	conditional_expression  goto 117


state 44
	function_definition : declarator compound_statement .  (8)

	.  reduce 8


state 45
	declaration_list : declaration .  (10)

	.  reduce 10


46: reduce/reduce conflict (reduce 44, reduce 46) on ';'
state 46
	scalar_declaration : declaration_specifiers .  (44)
	scalar_declaration : declaration_specifiers . init_declarator_list  (45)
	array_declaration : declaration_specifiers .  (46)
	array_declaration : declaration_specifiers . init_declarator_list  (47)
	function_declaration : declaration_specifiers . function_declarator  (50)

	IDENTIFIER  shift 1
	'('  shift 12
	';'  reduce 44

	array_declarator  goto 18
	function_declarator  goto 36
	init_declarator_list  goto 37
	init_declarator  goto 38
	declarator  goto 49
	direct_declarator  goto 24


state 47
	function_definition : declarator declaration_list . compound_statement  (9)
	declaration_list : declaration_list . declaration  (11)

	CHAR  shift 2
	SHORT  shift 3
	INT  shift 4
	LONG  shift 5
	SIGNED  shift 6
	UNSIGNED  shift 7
	FLOAT  shift 8
	DOUBLE  shift 9
	CONST  shift 10
	VOID  shift 11
	'{'  shift 41
	.  error

	scalar_declaration  goto 14
	array_declaration  goto 15
	const_declaration  goto 16
	function_declaration  goto 17
	compound_statement  goto 118
	declaration  goto 119
	declaration_specifiers  goto 46
	type_specifier  goto 22


state 48
	translation_unit : translation_unit external_declaration .  (3)

	.  reduce 3


state 49
	init_declarator : declarator .  (64)
	init_declarator : declarator . '=' initializer  (65)
	array_declarator : declarator . '[' conditional_expression ']'  (71)
	function_declarator : declarator . '(' parameter_type_list ')'  (72)
	function_declarator : declarator . '(' ')'  (73)

	'='  shift 52
	'('  shift 42
	'['  shift 43
	';'  reduce 64
	','  reduce 64


state 50
	declarator : '(' declarator ')' .  (69)

	.  reduce 69


state 51
	init_declarator_list : init_declarator_list ',' . init_declarator  (63)

	IDENTIFIER  shift 1
	'('  shift 12
	.  error

	array_declarator  goto 18
	function_declarator  goto 19
	init_declarator  goto 120
	declarator  goto 49
	direct_declarator  goto 24


state 52
	init_declarator : declarator '=' . initializer  (65)

	IDENTIFIER  shift 115
	FCONSTANT  shift 56
	CONSTANT  shift 57
	CCONSTANT  shift 58
	STRING_LITERAL  shift 59
	INC_OP  shift 60
	DEC_OP  shift 61
	FUNCTION  shift 72
	'&'  shift 74
	'+'  shift 75
	'-'  shift 76
	'*'  shift 77
	'{'  shift 121
	'('  shift 79
	'~'  shift 80
	'!'  shift 81
	.  error

	constant  goto 82
	primary_expression  goto 83
	postfix_expression  goto 84
	unary_operator  goto 85
	unary_expression  goto 86
	cast_expression  goto 87
	multiplicative_expression  goto 88
	additive_expression  goto 89
	shift_expression  goto 90
	relational_expression  goto 91
	equality_expression  goto 92
	and_expression  goto 93
	exclusive_or_expression  goto 94
	inclusive_or_expression  goto 95
	logical_and_expression  goto 96
	logical_or_expression  goto 97
	conditional_expression  goto 98
	assignment_expression  goto 122
	initializer  goto 123


state 53
	function_definition : declaration_specifiers declarator compound_statement .  (6)

	.  reduce 6


state 54
	function_definition : declaration_specifiers declarator declaration_list . compound_statement  (7)
	declaration_list : declaration_list . declaration  (11)

	CHAR  shift 2
	SHORT  shift 3
	INT  shift 4
	LONG  shift 5
	SIGNED  shift 6
	UNSIGNED  shift 7
	FLOAT  shift 8
	DOUBLE  shift 9
	CONST  shift 10
	VOID  shift 11
	'{'  shift 41
	.  error

	scalar_declaration  goto 14
	array_declaration  goto 15
	const_declaration  goto 16
	function_declaration  goto 17
	compound_statement  goto 124
	declaration  goto 119
	declaration_specifiers  goto 46
	type_specifier  goto 22


state 55
	labeled_statement : IDENTIFIER . ':' statement  (24)
	primary_expression : IDENTIFIER .  (150)

	':'  shift 125
	INC_OP  reduce 150
	DEC_OP  reduce 150
	LEFT_OP  reduce 150
	RIGHT_OP  reduce 150
	LE_OP  reduce 150
	GE_OP  reduce 150
	EQ_OP  reduce 150
	NE_OP  reduce 150
	AND_OP  reduce 150
	OR_OP  reduce 150
	MUL_ASSIGN  reduce 150
	DIV_ASSIGN  reduce 150
	MOD_ASSIGN  reduce 150
	ADD_ASSIGN  reduce 150
	SUB_ASSIGN  reduce 150
	';'  reduce 150
	','  reduce 150
	'='  reduce 150
	'?'  reduce 150
	'|'  reduce 150
	'^'  reduce 150
	'&'  reduce 150
	'>'  reduce 150
	'<'  reduce 150
	'+'  reduce 150
	'-'  reduce 150
	'*'  reduce 150
	'/'  reduce 150
	'%'  reduce 150
	'('  reduce 150
	'['  reduce 150


state 56
	constant : FCONSTANT .  (154)

	.  reduce 154


state 57
	constant : CONSTANT .  (152)

	.  reduce 152


state 58
	constant : CCONSTANT .  (153)

	.  reduce 153


state 59
	primary_expression : STRING_LITERAL .  (151)

	.  reduce 151


state 60
	unary_expression : INC_OP . unary_expression  (130)

	IDENTIFIER  shift 115
	FCONSTANT  shift 56
	CONSTANT  shift 57
	CCONSTANT  shift 58
	STRING_LITERAL  shift 59
	INC_OP  shift 60
	DEC_OP  shift 61
	FUNCTION  shift 72
	'&'  shift 74
	'+'  shift 75
	'-'  shift 76
	'*'  shift 77
	'('  shift 126
	'~'  shift 80
	'!'  shift 81
	.  error

	constant  goto 82
	primary_expression  goto 83
	postfix_expression  goto 84
	unary_operator  goto 85
	unary_expression  goto 127


state 61
	unary_expression : DEC_OP . unary_expression  (131)

	IDENTIFIER  shift 115
	FCONSTANT  shift 56
	CONSTANT  shift 57
	CCONSTANT  shift 58
	STRING_LITERAL  shift 59
	INC_OP  shift 60
	DEC_OP  shift 61
	FUNCTION  shift 72
	'&'  shift 74
	'+'  shift 75
	'-'  shift 76
	'*'  shift 77
	'('  shift 126
	'~'  shift 80
	'!'  shift 81
	.  error

	constant  goto 82
	primary_expression  goto 83
	postfix_expression  goto 84
	unary_operator  goto 85
	unary_expression  goto 128


state 62
	labeled_statement : CASE . conditional_expression ':' statement  (25)

	IDENTIFIER  shift 115
	FCONSTANT  shift 56
	CONSTANT  shift 57
	CCONSTANT  shift 58
	STRING_LITERAL  shift 59
	INC_OP  shift 60
	DEC_OP  shift 61
	FUNCTION  shift 72
	'&'  shift 74
	'+'  shift 75
	'-'  shift 76
	'*'  shift 77
	'('  shift 79
	'~'  shift 80
	'!'  shift 81
	.  error

	constant  goto 82
	primary_expression  goto 83
	postfix_expression  goto 84
	unary_operator  goto 85
	unary_expression  goto 116
	cast_expression  goto 87
	multiplicative_expression  goto 88
	additive_expression  goto 89
	shift_expression  goto 90
	relational_expression  goto 91
	equality_expression  goto 92
	and_expression  goto 93
	exclusive_or_expression  goto 94
	inclusive_or_expression  goto 95
	logical_and_expression  goto 96
	logical_or_expression  goto 97
	conditional_expression  goto 129


state 63
	labeled_statement : DEFAULT . ':' statement  (26)

	':'  shift 130
	.  error


state 64
	selection_statement : IF . '(' expression ')' compound_statement  (27)
	selection_statement : IF . '(' expression ')' compound_statement ELSE compound_statement  (28)

	'('  shift 131
	.  error


state 65
	selection_statement : SWITCH . '(' expression ')' compound_statement  (29)

	'('  shift 132
	.  error


state 66
	iteration_statement : WHILE . '(' expression ')' statement  (30)

	'('  shift 133
	.  error


state 67
	iteration_statement : DO . statement WHILE '(' expression ')' ';'  (31)

	IDENTIFIER  shift 55
	FCONSTANT  shift 56
	CONSTANT  shift 57
	CCONSTANT  shift 58
	STRING_LITERAL  shift 59
	INC_OP  shift 60
	DEC_OP  shift 61
	CASE  shift 62
	DEFAULT  shift 63
	IF  shift 64
	SWITCH  shift 65
	WHILE  shift 66
	DO  shift 67
	FOR  shift 68
	CONTINUE  shift 69
	BREAK  shift 70
	RETURN  shift 71
	FUNCTION  shift 72
	';'  shift 73
	'&'  shift 74
	'+'  shift 75
	'-'  shift 76
	'*'  shift 77
	'{'  shift 41
	'('  shift 79
	'~'  shift 80
	'!'  shift 81
	.  error

	constant  goto 82
	primary_expression  goto 83
	postfix_expression  goto 84
	unary_operator  goto 85
	unary_expression  goto 86
	cast_expression  goto 87
	multiplicative_expression  goto 88
	additive_expression  goto 89
	shift_expression  goto 90
	relational_expression  goto 91
	equality_expression  goto 92
	and_expression  goto 93
	exclusive_or_expression  goto 94
	inclusive_or_expression  goto 95
	logical_and_expression  goto 96
	logical_or_expression  goto 97
	conditional_expression  goto 98
	assignment_expression  goto 99
	expression  goto 100
	expression_statement  goto 101
	statement  goto 134
	compound_statement  goto 103
	selection_statement  goto 105
	jump_statement  goto 106
	iteration_statement  goto 107
	labeled_statement  goto 108


state 68
	iteration_statement : FOR . '(' expression_statement expression_statement ')' statement  (32)
	iteration_statement : FOR . '(' expression_statement expression_statement expression ')' statement  (33)

	'('  shift 135
	.  error


state 69
	jump_statement : CONTINUE . ';'  (34)

	';'  shift 136
	.  error


state 70
	jump_statement : BREAK . ';'  (35)

	';'  shift 137
	.  error


state 71
	jump_statement : RETURN . ';'  (36)
	jump_statement : RETURN . expression ';'  (37)

	IDENTIFIER  shift 115
	FCONSTANT  shift 56
	CONSTANT  shift 57
	CCONSTANT  shift 58
	STRING_LITERAL  shift 59
	INC_OP  shift 60
	DEC_OP  shift 61
	FUNCTION  shift 72
	';'  shift 138
	'&'  shift 74
	'+'  shift 75
	'-'  shift 76
	'*'  shift 77
	'('  shift 79
	'~'  shift 80
	'!'  shift 81
	.  error

	constant  goto 82
	primary_expression  goto 83
	postfix_expression  goto 84
	unary_operator  goto 85
	unary_expression  goto 86
	cast_expression  goto 87
	multiplicative_expression  goto 88
	additive_expression  goto 89
	shift_expression  goto 90
	relational_expression  goto 91
	equality_expression  goto 92
	and_expression  goto 93
	exclusive_or_expression  goto 94
	inclusive_or_expression  goto 95
	logical_and_expression  goto 96
	logical_or_expression  goto 97
	conditional_expression  goto 98
	assignment_expression  goto 99
	expression  goto 139


state 72
	postfix_expression : FUNCTION .  (140)

	.  reduce 140


state 73
	expression_statement : ';' .  (38)

	.  reduce 38


state 74
	unary_operator : '&' .  (133)

	.  reduce 133


state 75
	unary_operator : '+' .  (135)

	.  reduce 135


state 76
	unary_operator : '-' .  (136)

	.  reduce 136


state 77
	unary_operator : '*' .  (134)

	.  reduce 134


state 78
	compound_statement : '{' '}' .  (12)

	.  reduce 12


state 79
	cast_expression : '(' . type_specifier ')' cast_expression  (128)
	primary_expression : '(' . expression ')'  (148)

	IDENTIFIER  shift 115
	FCONSTANT  shift 56
	CONSTANT  shift 57
	CCONSTANT  shift 58
	STRING_LITERAL  shift 59
	INC_OP  shift 60
	DEC_OP  shift 61
	CHAR  shift 2
	SHORT  shift 3
	INT  shift 4
	LONG  shift 5
	SIGNED  shift 6
	UNSIGNED  shift 7
	FLOAT  shift 8
	DOUBLE  shift 9
	VOID  shift 11
	FUNCTION  shift 72
	'&'  shift 74
	'+'  shift 75
	'-'  shift 76
	'*'  shift 77
	'('  shift 79
	'~'  shift 80
	'!'  shift 81
	.  error

	constant  goto 82
	primary_expression  goto 83
	postfix_expression  goto 84
	unary_operator  goto 85
	unary_expression  goto 86
	cast_expression  goto 87
	multiplicative_expression  goto 88
	additive_expression  goto 89
	shift_expression  goto 90
	relational_expression  goto 91
	equality_expression  goto 92
	and_expression  goto 93
	exclusive_or_expression  goto 94
	inclusive_or_expression  goto 95
	logical_and_expression  goto 96
	logical_or_expression  goto 97
	conditional_expression  goto 98
	assignment_expression  goto 99
	expression  goto 140
	type_specifier  goto 141


state 80
	unary_operator : '~' .  (137)

	.  reduce 137


state 81
	unary_operator : '!' .  (138)

	.  reduce 138


state 82
	primary_expression : constant .  (149)

	.  reduce 149


state 83
	postfix_expression : primary_expression .  (139)

	.  reduce 139


state 84
	unary_expression : postfix_expression .  (129)
	postfix_expression : postfix_expression . '[' expression ']'  (141)
	postfix_expression : postfix_expression . '(' ')'  (142)
	postfix_expression : postfix_expression . '(' argument_expression_list ')'  (143)
	postfix_expression : postfix_expression . INC_OP  (144)
	postfix_expression : postfix_expression . DEC_OP  (145)

	INC_OP  shift 142
	DEC_OP  shift 143
	'('  shift 144
	'['  shift 145
	LEFT_OP  reduce 129
	RIGHT_OP  reduce 129
	LE_OP  reduce 129
	GE_OP  reduce 129
	EQ_OP  reduce 129
	NE_OP  reduce 129
	AND_OP  reduce 129
	OR_OP  reduce 129
	MUL_ASSIGN  reduce 129
	DIV_ASSIGN  reduce 129
	MOD_ASSIGN  reduce 129
	ADD_ASSIGN  reduce 129
	SUB_ASSIGN  reduce 129
	';'  reduce 129
	','  reduce 129
	'='  reduce 129
	'?'  reduce 129
	':'  reduce 129
	'|'  reduce 129
	'^'  reduce 129
	'&'  reduce 129
	'>'  reduce 129
	'<'  reduce 129
	'+'  reduce 129
	'-'  reduce 129
	'*'  reduce 129
	'/'  reduce 129
	'%'  reduce 129
	'}'  reduce 129
	')'  reduce 129
	']'  reduce 129


state 85
	unary_expression : unary_operator . cast_expression  (132)

	IDENTIFIER  shift 115
	FCONSTANT  shift 56
	CONSTANT  shift 57
	CCONSTANT  shift 58
	STRING_LITERAL  shift 59
	INC_OP  shift 60
	DEC_OP  shift 61
	FUNCTION  shift 72
	'&'  shift 74
	'+'  shift 75
	'-'  shift 76
	'*'  shift 77
	'('  shift 79
	'~'  shift 80
	'!'  shift 81
	.  error

	constant  goto 82
	primary_expression  goto 83
	postfix_expression  goto 84
	unary_operator  goto 85
	unary_expression  goto 116
	cast_expression  goto 146


state 86
	assignment_expression : unary_expression . assignment_operator assignment_expression  (90)
	cast_expression : unary_expression .  (127)

	MUL_ASSIGN  shift 147
	DIV_ASSIGN  shift 148
	MOD_ASSIGN  shift 149
	ADD_ASSIGN  shift 150
	SUB_ASSIGN  shift 151
	'='  shift 152
	LEFT_OP  reduce 127
	RIGHT_OP  reduce 127
	LE_OP  reduce 127
	GE_OP  reduce 127
	EQ_OP  reduce 127
	NE_OP  reduce 127
	AND_OP  reduce 127
	OR_OP  reduce 127
	';'  reduce 127
	','  reduce 127
	'?'  reduce 127
	':'  reduce 127
	'|'  reduce 127
	'^'  reduce 127
	'&'  reduce 127
	'>'  reduce 127
	'<'  reduce 127
	'+'  reduce 127
	'-'  reduce 127
	'*'  reduce 127
	'/'  reduce 127
	'%'  reduce 127
	'}'  reduce 127
	')'  reduce 127
	']'  reduce 127

	assignment_operator  goto 153


state 87
	multiplicative_expression : cast_expression .  (126)

	.  reduce 126


state 88
	additive_expression : multiplicative_expression .  (122)
	multiplicative_expression : multiplicative_expression . '*' cast_expression  (123)
	multiplicative_expression : multiplicative_expression . '/' cast_expression  (124)
	multiplicative_expression : multiplicative_expression . '%' cast_expression  (125)

	'*'  shift 154
	'/'  shift 155
	'%'  shift 156
	LEFT_OP  reduce 122
	RIGHT_OP  reduce 122
	LE_OP  reduce 122
	GE_OP  reduce 122
	EQ_OP  reduce 122
	NE_OP  reduce 122
	AND_OP  reduce 122
	OR_OP  reduce 122
	';'  reduce 122
	','  reduce 122
	'?'  reduce 122
	':'  reduce 122
	'|'  reduce 122
	'^'  reduce 122
	'&'  reduce 122
	'>'  reduce 122
	'<'  reduce 122
	'+'  reduce 122
	'-'  reduce 122
	'}'  reduce 122
	')'  reduce 122
	']'  reduce 122


state 89
	shift_expression : additive_expression .  (117)
	additive_expression : additive_expression . '+' multiplicative_expression  (120)
	additive_expression : additive_expression . '-' multiplicative_expression  (121)

	'+'  shift 157
	'-'  shift 158
	LEFT_OP  reduce 117
	RIGHT_OP  reduce 117
	LE_OP  reduce 117
	GE_OP  reduce 117
	EQ_OP  reduce 117
	NE_OP  reduce 117
	AND_OP  reduce 117
	OR_OP  reduce 117
	';'  reduce 117
	','  reduce 117
	'?'  reduce 117
	':'  reduce 117
	'|'  reduce 117
	'^'  reduce 117
	'&'  reduce 117
	'>'  reduce 117
	'<'  reduce 117
	'}'  reduce 117
	')'  reduce 117
	']'  reduce 117


state 90
	relational_expression : shift_expression .  (112)
	shift_expression : shift_expression . LEFT_OP additive_expression  (118)
	shift_expression : shift_expression . RIGHT_OP additive_expression  (119)

	LEFT_OP  shift 159
	RIGHT_OP  shift 160
	LE_OP  reduce 112
	GE_OP  reduce 112
	EQ_OP  reduce 112
	NE_OP  reduce 112
	AND_OP  reduce 112
	OR_OP  reduce 112
	';'  reduce 112
	','  reduce 112
	'?'  reduce 112
	':'  reduce 112
	'|'  reduce 112
	'^'  reduce 112
	'&'  reduce 112
	'>'  reduce 112
	'<'  reduce 112
	'}'  reduce 112
	')'  reduce 112
	']'  reduce 112


state 91
	equality_expression : relational_expression .  (109)
	relational_expression : relational_expression . '<' shift_expression  (113)
	relational_expression : relational_expression . '>' shift_expression  (114)
	relational_expression : relational_expression . LE_OP shift_expression  (115)
	relational_expression : relational_expression . GE_OP shift_expression  (116)

	LE_OP  shift 161
	GE_OP  shift 162
	'>'  shift 163
	'<'  shift 164
	EQ_OP  reduce 109
	NE_OP  reduce 109
	AND_OP  reduce 109
	OR_OP  reduce 109
	';'  reduce 109
	','  reduce 109
	'?'  reduce 109
	':'  reduce 109
	'|'  reduce 109
	'^'  reduce 109
	'&'  reduce 109
	'}'  reduce 109
	')'  reduce 109
	']'  reduce 109


state 92
	and_expression : equality_expression .  (107)
	equality_expression : equality_expression . EQ_OP relational_expression  (110)
	equality_expression : equality_expression . NE_OP relational_expression  (111)

	EQ_OP  shift 165
	NE_OP  shift 166
	AND_OP  reduce 107
	OR_OP  reduce 107
	';'  reduce 107
	','  reduce 107
	'?'  reduce 107
	':'  reduce 107
	'|'  reduce 107
	'^'  reduce 107
	'&'  reduce 107
	'}'  reduce 107
	')'  reduce 107
	']'  reduce 107


state 93
	exclusive_or_expression : and_expression .  (105)
	and_expression : and_expression . '&' equality_expression  (108)

	'&'  shift 167
	AND_OP  reduce 105
	OR_OP  reduce 105
	';'  reduce 105
	','  reduce 105
	'?'  reduce 105
	':'  reduce 105
	'|'  reduce 105
	'^'  reduce 105
	'}'  reduce 105
	')'  reduce 105
	']'  reduce 105


state 94
	inclusive_or_expression : exclusive_or_expression .  (103)
	exclusive_or_expression : exclusive_or_expression . '^' and_expression  (106)

	'^'  shift 168
	AND_OP  reduce 103
	OR_OP  reduce 103
	';'  reduce 103
	','  reduce 103
	'?'  reduce 103
	':'  reduce 103
	'|'  reduce 103
	'}'  reduce 103
	')'  reduce 103
	']'  reduce 103


state 95
	logical_and_expression : inclusive_or_expression .  (101)
	inclusive_or_expression : inclusive_or_expression . '|' exclusive_or_expression  (104)

	'|'  shift 169
	AND_OP  reduce 101
	OR_OP  reduce 101
	';'  reduce 101
	','  reduce 101
	'?'  reduce 101
	':'  reduce 101
	'}'  reduce 101
	')'  reduce 101
	']'  reduce 101


state 96
	logical_or_expression : logical_and_expression .  (99)
	logical_and_expression : logical_and_expression . AND_OP inclusive_or_expression  (102)

	AND_OP  shift 170
	OR_OP  reduce 99
	';'  reduce 99
	','  reduce 99
	'?'  reduce 99
	':'  reduce 99
	'}'  reduce 99
	')'  reduce 99
	']'  reduce 99


state 97
	conditional_expression : logical_or_expression .  (97)
	conditional_expression : logical_or_expression . '?' expression ':' conditional_expression  (98)
	logical_or_expression : logical_or_expression . OR_OP logical_and_expression  (100)

	OR_OP  shift 171
	'?'  shift 172
	';'  reduce 97
	','  reduce 97
	':'  reduce 97
	'}'  reduce 97
	')'  reduce 97
	']'  reduce 97


state 98
	assignment_expression : conditional_expression .  (89)

	.  reduce 89


state 99
	expression : assignment_expression .  (87)

	.  reduce 87


state 100
	expression_statement : expression . ';'  (39)
	expression : expression . ',' assignment_expression  (88)

	';'  shift 173
	','  shift 174
	.  error


state 101
	statement : expression_statement .  (19)

	.  reduce 19


state 102
	compound_list : statement .  (14)

	.  reduce 14


state 103
	statement : compound_statement .  (18)

	.  reduce 18


state 104
	compound_statement : '{' compound_list . '}'  (13)
	compound_list : compound_list . statement  (16)
	compound_list : compound_list . declaration  (17)

	IDENTIFIER  shift 55
	FCONSTANT  shift 56
	CONSTANT  shift 57
	CCONSTANT  shift 58
	STRING_LITERAL  shift 59
	INC_OP  shift 60
	DEC_OP  shift 61
	CHAR  shift 2
	SHORT  shift 3
	INT  shift 4
	LONG  shift 5
	SIGNED  shift 6
	UNSIGNED  shift 7
	FLOAT  shift 8
	DOUBLE  shift 9
	CONST  shift 10
	VOID  shift 11
	CASE  shift 62
	DEFAULT  shift 63
	IF  shift 64
	SWITCH  shift 65
	WHILE  shift 66
	DO  shift 67
	FOR  shift 68
	CONTINUE  shift 69
	BREAK  shift 70
	RETURN  shift 71
	FUNCTION  shift 72
	';'  shift 73
	'&'  shift 74
	'+'  shift 75
	'-'  shift 76
	'*'  shift 77
	'{'  shift 41
	'}'  shift 175
	'('  shift 79
	'~'  shift 80
	'!'  shift 81
	.  error

	scalar_declaration  goto 14
	array_declaration  goto 15
	const_declaration  goto 16
	function_declaration  goto 17
	constant  goto 82
	primary_expression  goto 83
	postfix_expression  goto 84
	unary_operator  goto 85
	unary_expression  goto 86
	cast_expression  goto 87
	multiplicative_expression  goto 88
	additive_expression  goto 89
	shift_expression  goto 90
	relational_expression  goto 91
	equality_expression  goto 92
	and_expression  goto 93
	exclusive_or_expression  goto 94
	inclusive_or_expression  goto 95
	logical_and_expression  goto 96
	logical_or_expression  goto 97
	conditional_expression  goto 98
	assignment_expression  goto 99
	expression  goto 100
	expression_statement  goto 101
	statement  goto 176
	compound_statement  goto 103
	selection_statement  goto 105
	jump_statement  goto 106
	iteration_statement  goto 107
	labeled_statement  goto 108
	declaration  goto 177
	declaration_specifiers  goto 46
	type_specifier  goto 22


state 105
	statement : selection_statement .  (20)

	.  reduce 20


state 106
	statement : jump_statement .  (23)

	.  reduce 23


state 107
	statement : iteration_statement .  (22)

	.  reduce 22


state 108
	statement : labeled_statement .  (21)

	.  reduce 21


state 109
	compound_list : declaration .  (15)

	.  reduce 15


state 110
	function_declarator : declarator '(' ')' .  (73)

	.  reduce 73


state 111
	parameter_declaration : declaration_specifiers . declarator  (78)
	parameter_declaration : declaration_specifiers .  (79)

	IDENTIFIER  shift 1
	'('  shift 12
	','  reduce 79
	')'  reduce 79

	array_declarator  goto 18
	function_declarator  goto 19
	declarator  goto 178
	direct_declarator  goto 24


state 112
	function_declarator : declarator '(' parameter_type_list . ')'  (72)

	')'  shift 179
	.  error


state 113
	parameter_type_list : parameter_list .  (74)
	parameter_type_list : parameter_list . ',' ELLIPSIS  (75)
	parameter_list : parameter_list . ',' parameter_declaration  (77)

	','  shift 180
	')'  reduce 74


state 114
	parameter_list : parameter_declaration .  (76)

	.  reduce 76


state 115
	primary_expression : IDENTIFIER .  (150)

	.  reduce 150


state 116
	cast_expression : unary_expression .  (127)

	.  reduce 127


state 117
	array_declarator : declarator '[' conditional_expression . ']'  (71)

	']'  shift 181
	.  error


state 118
	function_definition : declarator declaration_list compound_statement .  (9)

	.  reduce 9


state 119
	declaration_list : declaration_list declaration .  (11)

	.  reduce 11


state 120
	init_declarator_list : init_declarator_list ',' init_declarator .  (63)

	.  reduce 63


state 121
	initializer : '{' . initializer_list '}'  (83)
	initializer : '{' . initializer_list ',' '}'  (84)

	IDENTIFIER  shift 115
	FCONSTANT  shift 56
	CONSTANT  shift 57
	CCONSTANT  shift 58
	STRING_LITERAL  shift 59
	INC_OP  shift 60
	DEC_OP  shift 61
	FUNCTION  shift 72
	'&'  shift 74
	'+'  shift 75
	'-'  shift 76
	'*'  shift 77
	'{'  shift 121
	'('  shift 79
	'~'  shift 80
	'!'  shift 81
	.  error

	constant  goto 82
	primary_expression  goto 83
	postfix_expression  goto 84
	unary_operator  goto 85
	unary_expression  goto 86
	cast_expression  goto 87
	multiplicative_expression  goto 88
	additive_expression  goto 89
	shift_expression  goto 90
	relational_expression  goto 91
	equality_expression  goto 92
	and_expression  goto 93
	exclusive_or_expression  goto 94
	inclusive_or_expression  goto 95
	logical_and_expression  goto 96
	logical_or_expression  goto 97
	conditional_expression  goto 98
	assignment_expression  goto 122
	initializer  goto 182
	initializer_list  goto 183


state 122
	initializer : assignment_expression .  (82)

	.  reduce 82


state 123
	init_declarator : declarator '=' initializer .  (65)

	.  reduce 65


state 124
	function_definition : declaration_specifiers declarator declaration_list compound_statement .  (7)

	.  reduce 7


state 125
	labeled_statement : IDENTIFIER ':' . statement  (24)

	IDENTIFIER  shift 55
	FCONSTANT  shift 56
	CONSTANT  shift 57
	CCONSTANT  shift 58
	STRING_LITERAL  shift 59
	INC_OP  shift 60
	DEC_OP  shift 61
	CASE  shift 62
	DEFAULT  shift 63
	IF  shift 64
	SWITCH  shift 65
	WHILE  shift 66
	DO  shift 67
	FOR  shift 68
	CONTINUE  shift 69
	BREAK  shift 70
	RETURN  shift 71
	FUNCTION  shift 72
	';'  shift 73
	'&'  shift 74
	'+'  shift 75
	'-'  shift 76
	'*'  shift 77
	'{'  shift 41
	'('  shift 79
	'~'  shift 80
	'!'  shift 81
	.  error

	constant  goto 82
	primary_expression  goto 83
	postfix_expression  goto 84
	unary_operator  goto 85
	unary_expression  goto 86
	cast_expression  goto 87
	multiplicative_expression  goto 88
	additive_expression  goto 89
	shift_expression  goto 90
	relational_expression  goto 91
	equality_expression  goto 92
	and_expression  goto 93
	exclusive_or_expression  goto 94
	inclusive_or_expression  goto 95
	logical_and_expression  goto 96
	logical_or_expression  goto 97
	conditional_expression  goto 98
	assignment_expression  goto 99
	expression  goto 100
	expression_statement  goto 101
	statement  goto 184
	compound_statement  goto 103
	selection_statement  goto 105
	jump_statement  goto 106
	iteration_statement  goto 107
	labeled_statement  goto 108


state 126
	primary_expression : '(' . expression ')'  (148)

	IDENTIFIER  shift 115
	FCONSTANT  shift 56
	CONSTANT  shift 57
	CCONSTANT  shift 58
	STRING_LITERAL  shift 59
	INC_OP  shift 60
	DEC_OP  shift 61
	FUNCTION  shift 72
	'&'  shift 74
	'+'  shift 75
	'-'  shift 76
	'*'  shift 77
	'('  shift 79
	'~'  shift 80
	'!'  shift 81
	.  error

	constant  goto 82
	primary_expression  goto 83
	postfix_expression  goto 84
	unary_operator  goto 85
	unary_expression  goto 86
	cast_expression  goto 87
	multiplicative_expression  goto 88
	additive_expression  goto 89
	shift_expression  goto 90
	relational_expression  goto 91
	equality_expression  goto 92
	and_expression  goto 93
	exclusive_or_expression  goto 94
	inclusive_or_expression  goto 95
	logical_and_expression  goto 96
	logical_or_expression  goto 97
	conditional_expression  goto 98
	assignment_expression  goto 99
	expression  goto 140


state 127
	unary_expression : INC_OP unary_expression .  (130)

	.  reduce 130


state 128
	unary_expression : DEC_OP unary_expression .  (131)

	.  reduce 131


state 129
	labeled_statement : CASE conditional_expression . ':' statement  (25)

	':'  shift 185
	.  error


state 130
	labeled_statement : DEFAULT ':' . statement  (26)

	IDENTIFIER  shift 55
	FCONSTANT  shift 56
	CONSTANT  shift 57
	CCONSTANT  shift 58
	STRING_LITERAL  shift 59
	INC_OP  shift 60
	DEC_OP  shift 61
	CASE  shift 62
	DEFAULT  shift 63
	IF  shift 64
	SWITCH  shift 65
	WHILE  shift 66
	DO  shift 67
	FOR  shift 68
	CONTINUE  shift 69
	BREAK  shift 70
	RETURN  shift 71
	FUNCTION  shift 72
	';'  shift 73
	'&'  shift 74
	'+'  shift 75
	'-'  shift 76
	'*'  shift 77
	'{'  shift 41
	'('  shift 79
	'~'  shift 80
	'!'  shift 81
	.  error

	constant  goto 82
	primary_expression  goto 83
	postfix_expression  goto 84
	unary_operator  goto 85
	unary_expression  goto 86
	cast_expression  goto 87
	multiplicative_expression  goto 88
	additive_expression  goto 89
	shift_expression  goto 90
	relational_expression  goto 91
	equality_expression  goto 92
	and_expression  goto 93
	exclusive_or_expression  goto 94
	inclusive_or_expression  goto 95
	logical_and_expression  goto 96
	logical_or_expression  goto 97
	conditional_expression  goto 98
	assignment_expression  goto 99
	expression  goto 100
	expression_statement  goto 101
	statement  goto 186
	compound_statement  goto 103
	selection_statement  goto 105
	jump_statement  goto 106
	iteration_statement  goto 107
	labeled_statement  goto 108


state 131
	selection_statement : IF '(' . expression ')' compound_statement  (27)
	selection_statement : IF '(' . expression ')' compound_statement ELSE compound_statement  (28)

	IDENTIFIER  shift 115
	FCONSTANT  shift 56
	CONSTANT  shift 57
	CCONSTANT  shift 58
	STRING_LITERAL  shift 59
	INC_OP  shift 60
	DEC_OP  shift 61
	FUNCTION  shift 72
	'&'  shift 74
	'+'  shift 75
	'-'  shift 76
	'*'  shift 77
	'('  shift 79
	'~'  shift 80
	'!'  shift 81
	.  error

	constant  goto 82
	primary_expression  goto 83
	postfix_expression  goto 84
	unary_operator  goto 85
	unary_expression  goto 86
	cast_expression  goto 87
	multiplicative_expression  goto 88
	additive_expression  goto 89
	shift_expression  goto 90
	relational_expression  goto 91
	equality_expression  goto 92
	and_expression  goto 93
	exclusive_or_expression  goto 94
	inclusive_or_expression  goto 95
	logical_and_expression  goto 96
	logical_or_expression  goto 97
	conditional_expression  goto 98
	assignment_expression  goto 99
	expression  goto 187


state 132
	selection_statement : SWITCH '(' . expression ')' compound_statement  (29)

	IDENTIFIER  shift 115
	FCONSTANT  shift 56
	CONSTANT  shift 57
	CCONSTANT  shift 58
	STRING_LITERAL  shift 59
	INC_OP  shift 60
	DEC_OP  shift 61
	FUNCTION  shift 72
	'&'  shift 74
	'+'  shift 75
	'-'  shift 76
	'*'  shift 77
	'('  shift 79
	'~'  shift 80
	'!'  shift 81
	.  error

	constant  goto 82
	primary_expression  goto 83
	postfix_expression  goto 84
	unary_operator  goto 85
	unary_expression  goto 86
	cast_expression  goto 87
	multiplicative_expression  goto 88
	additive_expression  goto 89
	shift_expression  goto 90
	relational_expression  goto 91
	equality_expression  goto 92
	and_expression  goto 93
	exclusive_or_expression  goto 94
	inclusive_or_expression  goto 95
	logical_and_expression  goto 96
	logical_or_expression  goto 97
	conditional_expression  goto 98
	assignment_expression  goto 99
	expression  goto 188


state 133
	iteration_statement : WHILE '(' . expression ')' statement  (30)

	IDENTIFIER  shift 115
	FCONSTANT  shift 56
	CONSTANT  shift 57
	CCONSTANT  shift 58
	STRING_LITERAL  shift 59
	INC_OP  shift 60
	DEC_OP  shift 61
	FUNCTION  shift 72
	'&'  shift 74
	'+'  shift 75
	'-'  shift 76
	'*'  shift 77
	'('  shift 79
	'~'  shift 80
	'!'  shift 81
	.  error

	constant  goto 82
	primary_expression  goto 83
	postfix_expression  goto 84
	unary_operator  goto 85
	unary_expression  goto 86
	cast_expression  goto 87
	multiplicative_expression  goto 88
	additive_expression  goto 89
	shift_expression  goto 90
	relational_expression  goto 91
	equality_expression  goto 92
	and_expression  goto 93
	exclusive_or_expression  goto 94
	inclusive_or_expression  goto 95
	logical_and_expression  goto 96
	logical_or_expression  goto 97
	conditional_expression  goto 98
	assignment_expression  goto 99
	expression  goto 189


state 134
	iteration_statement : DO statement . WHILE '(' expression ')' ';'  (31)

	WHILE  shift 190
	.  error


state 135
	iteration_statement : FOR '(' . expression_statement expression_statement ')' statement  (32)
	iteration_statement : FOR '(' . expression_statement expression_statement expression ')' statement  (33)

	IDENTIFIER  shift 115
	FCONSTANT  shift 56
	CONSTANT  shift 57
	CCONSTANT  shift 58
	STRING_LITERAL  shift 59
	INC_OP  shift 60
	DEC_OP  shift 61
	FUNCTION  shift 72
	';'  shift 73
	'&'  shift 74
	'+'  shift 75
	'-'  shift 76
	'*'  shift 77
	'('  shift 79
	'~'  shift 80
	'!'  shift 81
	.  error

	constant  goto 82
	primary_expression  goto 83
	postfix_expression  goto 84
	unary_operator  goto 85
	unary_expression  goto 86
	cast_expression  goto 87
	multiplicative_expression  goto 88
	additive_expression  goto 89
	shift_expression  goto 90
	relational_expression  goto 91
	equality_expression  goto 92
	and_expression  goto 93
	exclusive_or_expression  goto 94
	inclusive_or_expression  goto 95
	logical_and_expression  goto 96
	logical_or_expression  goto 97
	conditional_expression  goto 98
	assignment_expression  goto 99
	expression  goto 100
	expression_statement  goto 191


state 136
	jump_statement : CONTINUE ';' .  (34)

	.  reduce 34


state 137
	jump_statement : BREAK ';' .  (35)

	.  reduce 35


state 138
	jump_statement : RETURN ';' .  (36)

	.  reduce 36


state 139
	jump_statement : RETURN expression . ';'  (37)
	expression : expression . ',' assignment_expression  (88)

	';'  shift 192
	','  shift 174
	.  error


state 140
	expression : expression . ',' assignment_expression  (88)
	primary_expression : '(' expression . ')'  (148)

	','  shift 174
	')'  shift 193
	.  error


state 141
	cast_expression : '(' type_specifier . ')' cast_expression  (128)

	')'  shift 194
	.  error


state 142
	postfix_expression : postfix_expression INC_OP .  (144)

	.  reduce 144


state 143
	postfix_expression : postfix_expression DEC_OP .  (145)

	.  reduce 145


state 144
	postfix_expression : postfix_expression '(' . ')'  (142)
	postfix_expression : postfix_expression '(' . argument_expression_list ')'  (143)

	IDENTIFIER  shift 115
	FCONSTANT  shift 56
	CONSTANT  shift 57
	CCONSTANT  shift 58
	STRING_LITERAL  shift 59
	INC_OP  shift 60
	DEC_OP  shift 61
	FUNCTION  shift 72
	'&'  shift 74
	'+'  shift 75
	'-'  shift 76
	'*'  shift 77
	'('  shift 79
	')'  shift 195
	'~'  shift 80
	'!'  shift 81
	.  error

	constant  goto 82
	primary_expression  goto 83
	postfix_expression  goto 84
	unary_operator  goto 85
	unary_expression  goto 86
	cast_expression  goto 87
	multiplicative_expression  goto 88
	additive_expression  goto 89
	shift_expression  goto 90
	relational_expression  goto 91
	equality_expression  goto 92
	and_expression  goto 93
	exclusive_or_expression  goto 94
	inclusive_or_expression  goto 95
	logical_and_expression  goto 96
	logical_or_expression  goto 97
	conditional_expression  goto 98
	assignment_expression  goto 196
	argument_expression_list  goto 197


state 145
	postfix_expression : postfix_expression '[' . expression ']'  (141)

	IDENTIFIER  shift 115
	FCONSTANT  shift 56
	CONSTANT  shift 57
	CCONSTANT  shift 58
	STRING_LITERAL  shift 59
	INC_OP  shift 60
	DEC_OP  shift 61
	FUNCTION  shift 72
	'&'  shift 74
	'+'  shift 75
	'-'  shift 76
	'*'  shift 77
	'('  shift 79
	'~'  shift 80
	'!'  shift 81
	.  error

	constant  goto 82
	primary_expression  goto 83
	postfix_expression  goto 84
	unary_operator  goto 85
	unary_expression  goto 86
	cast_expression  goto 87
	multiplicative_expression  goto 88
	additive_expression  goto 89
	shift_expression  goto 90
	relational_expression  goto 91
	equality_expression  goto 92
	and_expression  goto 93
	exclusive_or_expression  goto 94
	inclusive_or_expression  goto 95
	logical_and_expression  goto 96
	logical_or_expression  goto 97
	conditional_expression  goto 98
	assignment_expression  goto 99
	expression  goto 198


state 146
	unary_expression : unary_operator cast_expression .  (132)

	.  reduce 132


state 147
	assignment_operator : MUL_ASSIGN .  (92)

	.  reduce 92


state 148
	assignment_operator : DIV_ASSIGN .  (93)

	.  reduce 93


state 149
	assignment_operator : MOD_ASSIGN .  (94)

	.  reduce 94


state 150
	assignment_operator : ADD_ASSIGN .  (95)

	.  reduce 95


state 151
	assignment_operator : SUB_ASSIGN .  (96)

	.  reduce 96


state 152
	assignment_operator : '=' .  (91)

	.  reduce 91


state 153
	assignment_expression : unary_expression assignment_operator . assignment_expression  (90)

	IDENTIFIER  shift 115
	FCONSTANT  shift 56
	CONSTANT  shift 57
	CCONSTANT  shift 58
	STRING_LITERAL  shift 59
	INC_OP  shift 60
	DEC_OP  shift 61
	FUNCTION  shift 72
	'&'  shift 74
	'+'  shift 75
	'-'  shift 76
	'*'  shift 77
	'('  shift 79
	'~'  shift 80
	'!'  shift 81
	.  error

	constant  goto 82
	primary_expression  goto 83
	postfix_expression  goto 84
	unary_operator  goto 85
	unary_expression  goto 86
	cast_expression  goto 87
	multiplicative_expression  goto 88
	additive_expression  goto 89
	shift_expression  goto 90
	relational_expression  goto 91
	equality_expression  goto 92
	and_expression  goto 93
	exclusive_or_expression  goto 94
	inclusive_or_expression  goto 95
	logical_and_expression  goto 96
	logical_or_expression  goto 97
	conditional_expression  goto 98
	assignment_expression  goto 199


state 154
	multiplicative_expression : multiplicative_expression '*' . cast_expression  (123)

	IDENTIFIER  shift 115
	FCONSTANT  shift 56
	CONSTANT  shift 57
	CCONSTANT  shift 58
	STRING_LITERAL  shift 59
	INC_OP  shift 60
	DEC_OP  shift 61
	FUNCTION  shift 72
	'&'  shift 74
	'+'  shift 75
	'-'  shift 76
	'*'  shift 77
	'('  shift 79
	'~'  shift 80
	'!'  shift 81
	.  error

	constant  goto 82
	primary_expression  goto 83
	postfix_expression  goto 84
	unary_operator  goto 85
	unary_expression  goto 116
	cast_expression  goto 200


state 155
	multiplicative_expression : multiplicative_expression '/' . cast_expression  (124)

	IDENTIFIER  shift 115
	FCONSTANT  shift 56
	CONSTANT  shift 57
	CCONSTANT  shift 58
	STRING_LITERAL  shift 59
	INC_OP  shift 60
	DEC_OP  shift 61
	FUNCTION  shift 72
	'&'  shift 74
	'+'  shift 75
	'-'  shift 76
	'*'  shift 77
	'('  shift 79
	'~'  shift 80
	'!'  shift 81
	.  error

	constant  goto 82
	primary_expression  goto 83
	postfix_expression  goto 84
	unary_operator  goto 85
	unary_expression  goto 116
	cast_expression  goto 201


state 156
	multiplicative_expression : multiplicative_expression '%' . cast_expression  (125)

	IDENTIFIER  shift 115
	FCONSTANT  shift 56
	CONSTANT  shift 57
	CCONSTANT  shift 58
	STRING_LITERAL  shift 59
	INC_OP  shift 60
	DEC_OP  shift 61
	FUNCTION  shift 72
	'&'  shift 74
	'+'  shift 75
	'-'  shift 76
	'*'  shift 77
	'('  shift 79
	'~'  shift 80
	'!'  shift 81
	.  error

	constant  goto 82
	primary_expression  goto 83
	postfix_expression  goto 84
	unary_operator  goto 85
	unary_expression  goto 116
	cast_expression  goto 202


state 157
	additive_expression : additive_expression '+' . multiplicative_expression  (120)

	IDENTIFIER  shift 115
	FCONSTANT  shift 56
	CONSTANT  shift 57
	CCONSTANT  shift 58
	STRING_LITERAL  shift 59
	INC_OP  shift 60
	DEC_OP  shift 61
	FUNCTION  shift 72
	'&'  shift 74
	'+'  shift 75
	'-'  shift 76
	'*'  shift 77
	'('  shift 79
	'~'  shift 80
	'!'  shift 81
	.  error

	constant  goto 82
	primary_expression  goto 83
	postfix_expression  goto 84
	unary_operator  goto 85
	unary_expression  goto 116
	cast_expression  goto 87
	multiplicative_expression  goto 203


state 158
	additive_expression : additive_expression '-' . multiplicative_expression  (121)

	IDENTIFIER  shift 115
	FCONSTANT  shift 56
	CONSTANT  shift 57
	CCONSTANT  shift 58
	STRING_LITERAL  shift 59
	INC_OP  shift 60
	DEC_OP  shift 61
	FUNCTION  shift 72
	'&'  shift 74
	'+'  shift 75
	'-'  shift 76
	'*'  shift 77
	'('  shift 79
	'~'  shift 80
	'!'  shift 81
	.  error

	constant  goto 82
	primary_expression  goto 83
	postfix_expression  goto 84
	unary_operator  goto 85
	unary_expression  goto 116
	cast_expression  goto 87
	multiplicative_expression  goto 204


state 159
	shift_expression : shift_expression LEFT_OP . additive_expression  (118)

	IDENTIFIER  shift 115
	FCONSTANT  shift 56
	CONSTANT  shift 57
	CCONSTANT  shift 58
	STRING_LITERAL  shift 59
	INC_OP  shift 60
	DEC_OP  shift 61
	FUNCTION  shift 72
	'&'  shift 74
	'+'  shift 75
	'-'  shift 76
	'*'  shift 77
	'('  shift 79
	'~'  shift 80
	'!'  shift 81
	.  error

	constant  goto 82
	primary_expression  goto 83
	postfix_expression  goto 84
	unary_operator  goto 85
	unary_expression  goto 116
	cast_expression  goto 87
	multiplicative_expression  goto 88
	additive_expression  goto 205


state 160
	shift_expression : shift_expression RIGHT_OP . additive_expression  (119)

	IDENTIFIER  shift 115
	FCONSTANT  shift 56
	CONSTANT  shift 57
	CCONSTANT  shift 58
	STRING_LITERAL  shift 59
	INC_OP  shift 60
	DEC_OP  shift 61
	FUNCTION  shift 72
	'&'  shift 74
	'+'  shift 75
	'-'  shift 76
	'*'  shift 77
	'('  shift 79
	'~'  shift 80
	'!'  shift 81
	.  error

	constant  goto 82
	primary_expression  goto 83
	postfix_expression  goto 84
	unary_operator  goto 85
	unary_expression  goto 116
	cast_expression  goto 87
	multiplicative_expression  goto 88
	additive_expression  goto 206


state 161
	relational_expression : relational_expression LE_OP . shift_expression  (115)

	IDENTIFIER  shift 115
	FCONSTANT  shift 56
	CONSTANT  shift 57
	CCONSTANT  shift 58
	STRING_LITERAL  shift 59
	INC_OP  shift 60
	DEC_OP  shift 61
	FUNCTION  shift 72
	'&'  shift 74
	'+'  shift 75
	'-'  shift 76
	'*'  shift 77
	'('  shift 79
	'~'  shift 80
	'!'  shift 81
	.  error

	constant  goto 82
	primary_expression  goto 83
	postfix_expression  goto 84
	unary_operator  goto 85
	unary_expression  goto 116
	cast_expression  goto 87
	multiplicative_expression  goto 88
	additive_expression  goto 89
	shift_expression  goto 207


state 162
	relational_expression : relational_expression GE_OP . shift_expression  (116)

	IDENTIFIER  shift 115
	FCONSTANT  shift 56
	CONSTANT  shift 57
	CCONSTANT  shift 58
	STRING_LITERAL  shift 59
	INC_OP  shift 60
	DEC_OP  shift 61
	FUNCTION  shift 72
	'&'  shift 74
	'+'  shift 75
	'-'  shift 76
	'*'  shift 77
	'('  shift 79
	'~'  shift 80
	'!'  shift 81
	.  error

	constant  goto 82
	primary_expression  goto 83
	postfix_expression  goto 84
	unary_operator  goto 85
	unary_expression  goto 116
	cast_expression  goto 87
	multiplicative_expression  goto 88
	additive_expression  goto 89
	shift_expression  goto 208


state 163
	relational_expression : relational_expression '>' . shift_expression  (114)

	IDENTIFIER  shift 115
	FCONSTANT  shift 56
	CONSTANT  shift 57
	CCONSTANT  shift 58
	STRING_LITERAL  shift 59
	INC_OP  shift 60
	DEC_OP  shift 61
	FUNCTION  shift 72
	'&'  shift 74
	'+'  shift 75
	'-'  shift 76
	'*'  shift 77
	'('  shift 79
	'~'  shift 80
	'!'  shift 81
	.  error

	constant  goto 82
	primary_expression  goto 83
	postfix_expression  goto 84
	unary_operator  goto 85
	unary_expression  goto 116
	cast_expression  goto 87
	multiplicative_expression  goto 88
	additive_expression  goto 89
	shift_expression  goto 209


state 164
	relational_expression : relational_expression '<' . shift_expression  (113)

	IDENTIFIER  shift 115
	FCONSTANT  shift 56
	CONSTANT  shift 57
	CCONSTANT  shift 58
	STRING_LITERAL  shift 59
	INC_OP  shift 60
	DEC_OP  shift 61
	FUNCTION  shift 72
	'&'  shift 74
	'+'  shift 75
	'-'  shift 76
	'*'  shift 77
	'('  shift 79
	'~'  shift 80
	'!'  shift 81
	.  error

	constant  goto 82
	primary_expression  goto 83
	postfix_expression  goto 84
	unary_operator  goto 85
	unary_expression  goto 116
	cast_expression  goto 87
	multiplicative_expression  goto 88
	additive_expression  goto 89
	shift_expression  goto 210


state 165
	equality_expression : equality_expression EQ_OP . relational_expression  (110)

	IDENTIFIER  shift 115
	FCONSTANT  shift 56
	CONSTANT  shift 57
	CCONSTANT  shift 58
	STRING_LITERAL  shift 59
	INC_OP  shift 60
	DEC_OP  shift 61
	FUNCTION  shift 72
	'&'  shift 74
	'+'  shift 75
	'-'  shift 76
	'*'  shift 77
	'('  shift 79
	'~'  shift 80
	'!'  shift 81
	.  error

	constant  goto 82
	primary_expression  goto 83
	postfix_expression  goto 84
	unary_operator  goto 85
	unary_expression  goto 116
	cast_expression  goto 87
	multiplicative_expression  goto 88
	additive_expression  goto 89
	shift_expression  goto 90
	relational_expression  goto 211


state 166
	equality_expression : equality_expression NE_OP . relational_expression  (111)

	IDENTIFIER  shift 115
	FCONSTANT  shift 56
	CONSTANT  shift 57
	CCONSTANT  shift 58
	STRING_LITERAL  shift 59
	INC_OP  shift 60
	DEC_OP  shift 61
	FUNCTION  shift 72
	'&'  shift 74
	'+'  shift 75
	'-'  shift 76
	'*'  shift 77
	'('  shift 79
	'~'  shift 80
	'!'  shift 81
	.  error

	constant  goto 82
	primary_expression  goto 83
	postfix_expression  goto 84
	unary_operator  goto 85
	unary_expression  goto 116
	cast_expression  goto 87
	multiplicative_expression  goto 88
	additive_expression  goto 89
	shift_expression  goto 90
	relational_expression  goto 212


state 167
	and_expression : and_expression '&' . equality_expression  (108)

	IDENTIFIER  shift 115
	FCONSTANT  shift 56
	CONSTANT  shift 57
	CCONSTANT  shift 58
	STRING_LITERAL  shift 59
	INC_OP  shift 60
	DEC_OP  shift 61
	FUNCTION  shift 72
	'&'  shift 74
	'+'  shift 75
	'-'  shift 76
	'*'  shift 77
	'('  shift 79
	'~'  shift 80
	'!'  shift 81
	.  error

	constant  goto 82
	primary_expression  goto 83
	postfix_expression  goto 84
	unary_operator  goto 85
	unary_expression  goto 116
	cast_expression  goto 87
	multiplicative_expression  goto 88
	additive_expression  goto 89
	shift_expression  goto 90
	relational_expression  goto 91
	equality_expression  goto 213


state 168
	exclusive_or_expression : exclusive_or_expression '^' . and_expression  (106)

	IDENTIFIER  shift 115
	FCONSTANT  shift 56
	CONSTANT  shift 57
	CCONSTANT  shift 58
	STRING_LITERAL  shift 59
	INC_OP  shift 60
	DEC_OP  shift 61
	FUNCTION  shift 72
	'&'  shift 74
	'+'  shift 75
	'-'  shift 76
	'*'  shift 77
	'('  shift 79
	'~'  shift 80
	'!'  shift 81
	.  error

	constant  goto 82
	primary_expression  goto 83
	postfix_expression  goto 84
	unary_operator  goto 85
	unary_expression  goto 116
	cast_expression  goto 87
	multiplicative_expression  goto 88
	additive_expression  goto 89
	shift_expression  goto 90
	relational_expression  goto 91
	equality_expression  goto 92
	and_expression  goto 214


state 169
	inclusive_or_expression : inclusive_or_expression '|' . exclusive_or_expression  (104)

	IDENTIFIER  shift 115
	FCONSTANT  shift 56
	CONSTANT  shift 57
	CCONSTANT  shift 58
	STRING_LITERAL  shift 59
	INC_OP  shift 60
	DEC_OP  shift 61
	FUNCTION  shift 72
	'&'  shift 74
	'+'  shift 75
	'-'  shift 76
	'*'  shift 77
	'('  shift 79
	'~'  shift 80
	'!'  shift 81
	.  error

	constant  goto 82
	primary_expression  goto 83
	postfix_expression  goto 84
	unary_operator  goto 85
	unary_expression  goto 116
	cast_expression  goto 87
	multiplicative_expression  goto 88
	additive_expression  goto 89
	shift_expression  goto 90
	relational_expression  goto 91
	equality_expression  goto 92
	and_expression  goto 93
	exclusive_or_expression  goto 215


state 170
	logical_and_expression : logical_and_expression AND_OP . inclusive_or_expression  (102)

	IDENTIFIER  shift 115
	FCONSTANT  shift 56
	CONSTANT  shift 57
	CCONSTANT  shift 58
	STRING_LITERAL  shift 59
	INC_OP  shift 60
	DEC_OP  shift 61
	FUNCTION  shift 72
	'&'  shift 74
	'+'  shift 75
	'-'  shift 76
	'*'  shift 77
	'('  shift 79
	'~'  shift 80
	'!'  shift 81
	.  error

	constant  goto 82
	primary_expression  goto 83
	postfix_expression  goto 84
	unary_operator  goto 85
	unary_expression  goto 116
	cast_expression  goto 87
	multiplicative_expression  goto 88
	additive_expression  goto 89
	shift_expression  goto 90
	relational_expression  goto 91
	equality_expression  goto 92
	and_expression  goto 93
	exclusive_or_expression  goto 94
	inclusive_or_expression  goto 216


state 171
	logical_or_expression : logical_or_expression OR_OP . logical_and_expression  (100)

	IDENTIFIER  shift 115
	FCONSTANT  shift 56
	CONSTANT  shift 57
	CCONSTANT  shift 58
	STRING_LITERAL  shift 59
	INC_OP  shift 60
	DEC_OP  shift 61
	FUNCTION  shift 72
	'&'  shift 74
	'+'  shift 75
	'-'  shift 76
	'*'  shift 77
	'('  shift 79
	'~'  shift 80
	'!'  shift 81
	.  error

	constant  goto 82
	primary_expression  goto 83
	postfix_expression  goto 84
	unary_operator  goto 85
	unary_expression  goto 116
	cast_expression  goto 87
	multiplicative_expression  goto 88
	additive_expression  goto 89
	shift_expression  goto 90
	relational_expression  goto 91
	equality_expression  goto 92
	and_expression  goto 93
	exclusive_or_expression  goto 94
	inclusive_or_expression  goto 95
	logical_and_expression  goto 217


state 172
	conditional_expression : logical_or_expression '?' . expression ':' conditional_expression  (98)

	IDENTIFIER  shift 115
	FCONSTANT  shift 56
	CONSTANT  shift 57
	CCONSTANT  shift 58
	STRING_LITERAL  shift 59
	INC_OP  shift 60
	DEC_OP  shift 61
	FUNCTION  shift 72
	'&'  shift 74
	'+'  shift 75
	'-'  shift 76
	'*'  shift 77
	'('  shift 79
	'~'  shift 80
	'!'  shift 81
	.  error

	constant  goto 82
	primary_expression  goto 83
	postfix_expression  goto 84
	unary_operator  goto 85
	unary_expression  goto 86
	cast_expression  goto 87
	multiplicative_expression  goto 88
	additive_expression  goto 89
	shift_expression  goto 90
	relational_expression  goto 91
	equality_expression  goto 92
	and_expression  goto 93
	exclusive_or_expression  goto 94
	inclusive_or_expression  goto 95
	logical_and_expression  goto 96
	logical_or_expression  goto 97
	conditional_expression  goto 98
	assignment_expression  goto 99
	expression  goto 218


state 173
	expression_statement : expression ';' .  (39)

	.  reduce 39


state 174
	expression : expression ',' . assignment_expression  (88)

	IDENTIFIER  shift 115
	FCONSTANT  shift 56
	CONSTANT  shift 57
	CCONSTANT  shift 58
	STRING_LITERAL  shift 59
	INC_OP  shift 60
	DEC_OP  shift 61
	FUNCTION  shift 72
	'&'  shift 74
	'+'  shift 75
	'-'  shift 76
	'*'  shift 77
	'('  shift 79
	'~'  shift 80
	'!'  shift 81
	.  error

	constant  goto 82
	primary_expression  goto 83
	postfix_expression  goto 84
	unary_operator  goto 85
	unary_expression  goto 86
	cast_expression  goto 87
	multiplicative_expression  goto 88
	additive_expression  goto 89
	shift_expression  goto 90
	relational_expression  goto 91
	equality_expression  goto 92
	and_expression  goto 93
	exclusive_or_expression  goto 94
	inclusive_or_expression  goto 95
	logical_and_expression  goto 96
	logical_or_expression  goto 97
	conditional_expression  goto 98
	assignment_expression  goto 219


state 175
	compound_statement : '{' compound_list '}' .  (13)

	.  reduce 13


state 176
	compound_list : compound_list statement .  (16)

	.  reduce 16


state 177
	compound_list : compound_list declaration .  (17)

	.  reduce 17


state 178
	array_declarator : declarator . '[' conditional_expression ']'  (71)
	function_declarator : declarator . '(' parameter_type_list ')'  (72)
	function_declarator : declarator . '(' ')'  (73)
	parameter_declaration : declaration_specifiers declarator .  (78)

	'('  shift 42
	'['  shift 43
	','  reduce 78
	')'  reduce 78


state 179
	function_declarator : declarator '(' parameter_type_list ')' .  (72)

	.  reduce 72


state 180
	parameter_type_list : parameter_list ',' . ELLIPSIS  (75)
	parameter_list : parameter_list ',' . parameter_declaration  (77)

	CHAR  shift 2
	SHORT  shift 3
	INT  shift 4
	LONG  shift 5
	SIGNED  shift 6
	UNSIGNED  shift 7
	FLOAT  shift 8
	DOUBLE  shift 9
	VOID  shift 11
	ELLIPSIS  shift 220
	.  error

	declaration_specifiers  goto 111
	type_specifier  goto 22
	parameter_declaration  goto 221


state 181
	array_declarator : declarator '[' conditional_expression ']' .  (71)

	.  reduce 71


state 182
	initializer_list : initializer .  (85)

	.  reduce 85


state 183
	initializer : '{' initializer_list . '}'  (83)
	initializer : '{' initializer_list . ',' '}'  (84)
	initializer_list : initializer_list . ',' initializer  (86)

	','  shift 222
	'}'  shift 223
	.  error


state 184
	labeled_statement : IDENTIFIER ':' statement .  (24)

	.  reduce 24


state 185
	labeled_statement : CASE conditional_expression ':' . statement  (25)

	IDENTIFIER  shift 55
	FCONSTANT  shift 56
	CONSTANT  shift 57
	CCONSTANT  shift 58
	STRING_LITERAL  shift 59
	INC_OP  shift 60
	DEC_OP  shift 61
	CASE  shift 62
	DEFAULT  shift 63
	IF  shift 64
	SWITCH  shift 65
	WHILE  shift 66
	DO  shift 67
	FOR  shift 68
	CONTINUE  shift 69
	BREAK  shift 70
	RETURN  shift 71
	FUNCTION  shift 72
	';'  shift 73
	'&'  shift 74
	'+'  shift 75
	'-'  shift 76
	'*'  shift 77
	'{'  shift 41
	'('  shift 79
	'~'  shift 80
	'!'  shift 81
	.  error

	constant  goto 82
	primary_expression  goto 83
	postfix_expression  goto 84
	unary_operator  goto 85
	unary_expression  goto 86
	cast_expression  goto 87
	multiplicative_expression  goto 88
	additive_expression  goto 89
	shift_expression  goto 90
	relational_expression  goto 91
	equality_expression  goto 92
	and_expression  goto 93
	exclusive_or_expression  goto 94
	inclusive_or_expression  goto 95
	logical_and_expression  goto 96
	logical_or_expression  goto 97
	conditional_expression  goto 98
	assignment_expression  goto 99
	expression  goto 100
	expression_statement  goto 101
	statement  goto 224
	compound_statement  goto 103
	selection_statement  goto 105
	jump_statement  goto 106
	iteration_statement  goto 107
	labeled_statement  goto 108


state 186
	labeled_statement : DEFAULT ':' statement .  (26)

	.  reduce 26


state 187
	selection_statement : IF '(' expression . ')' compound_statement  (27)
	selection_statement : IF '(' expression . ')' compound_statement ELSE compound_statement  (28)
	expression : expression . ',' assignment_expression  (88)

	','  shift 174
	')'  shift 225
	.  error


state 188
	selection_statement : SWITCH '(' expression . ')' compound_statement  (29)
	expression : expression . ',' assignment_expression  (88)

	','  shift 174
	')'  shift 226
	.  error


state 189
	iteration_statement : WHILE '(' expression . ')' statement  (30)
	expression : expression . ',' assignment_expression  (88)

	','  shift 174
	')'  shift 227
	.  error


state 190
	iteration_statement : DO statement WHILE . '(' expression ')' ';'  (31)

	'('  shift 228
	.  error


state 191
	iteration_statement : FOR '(' expression_statement . expression_statement ')' statement  (32)
	iteration_statement : FOR '(' expression_statement . expression_statement expression ')' statement  (33)

	IDENTIFIER  shift 115
	FCONSTANT  shift 56
	CONSTANT  shift 57
	CCONSTANT  shift 58
	STRING_LITERAL  shift 59
	INC_OP  shift 60
	DEC_OP  shift 61
	FUNCTION  shift 72
	';'  shift 73
	'&'  shift 74
	'+'  shift 75
	'-'  shift 76
	'*'  shift 77
	'('  shift 79
	'~'  shift 80
	'!'  shift 81
	.  error

	constant  goto 82
	primary_expression  goto 83
	postfix_expression  goto 84
	unary_operator  goto 85
	unary_expression  goto 86
	cast_expression  goto 87
	multiplicative_expression  goto 88
	additive_expression  goto 89
	shift_expression  goto 90
	relational_expression  goto 91
	equality_expression  goto 92
	and_expression  goto 93
	exclusive_or_expression  goto 94
	inclusive_or_expression  goto 95
	logical_and_expression  goto 96
	logical_or_expression  goto 97
	conditional_expression  goto 98
	assignment_expression  goto 99
	expression  goto 100
	expression_statement  goto 229


state 192
	jump_statement : RETURN expression ';' .  (37)

	.  reduce 37


state 193
	primary_expression : '(' expression ')' .  (148)

	.  reduce 148


state 194
	cast_expression : '(' type_specifier ')' . cast_expression  (128)

	IDENTIFIER  shift 115
	FCONSTANT  shift 56
	CONSTANT  shift 57
	CCONSTANT  shift 58
	STRING_LITERAL  shift 59
	INC_OP  shift 60
	DEC_OP  shift 61
	FUNCTION  shift 72
	'&'  shift 74
	'+'  shift 75
	'-'  shift 76
	'*'  shift 77
	'('  shift 79
	'~'  shift 80
	'!'  shift 81
	.  error

	constant  goto 82
	primary_expression  goto 83
	postfix_expression  goto 84
	unary_operator  goto 85
	unary_expression  goto 116
	cast_expression  goto 230


state 195
	postfix_expression : postfix_expression '(' ')' .  (142)

	.  reduce 142


state 196
	argument_expression_list : assignment_expression .  (146)

	.  reduce 146


state 197
	postfix_expression : postfix_expression '(' argument_expression_list . ')'  (143)
	argument_expression_list : argument_expression_list . ',' assignment_expression  (147)

	','  shift 231
	')'  shift 232
	.  error


state 198
	expression : expression . ',' assignment_expression  (88)
	postfix_expression : postfix_expression '[' expression . ']'  (141)

	','  shift 174
	']'  shift 233
	.  error


state 199
	assignment_expression : unary_expression assignment_operator assignment_expression .  (90)

	.  reduce 90


state 200
	multiplicative_expression : multiplicative_expression '*' cast_expression .  (123)

	.  reduce 123


state 201
	multiplicative_expression : multiplicative_expression '/' cast_expression .  (124)

	.  reduce 124


state 202
	multiplicative_expression : multiplicative_expression '%' cast_expression .  (125)

	.  reduce 125


state 203
	additive_expression : additive_expression '+' multiplicative_expression .  (120)
	multiplicative_expression : multiplicative_expression . '*' cast_expression  (123)
	multiplicative_expression : multiplicative_expression . '/' cast_expression  (124)
	multiplicative_expression : multiplicative_expression . '%' cast_expression  (125)

	'*'  shift 154
	'/'  shift 155
	'%'  shift 156
	LEFT_OP  reduce 120
	RIGHT_OP  reduce 120
	LE_OP  reduce 120
	GE_OP  reduce 120
	EQ_OP  reduce 120
	NE_OP  reduce 120
	AND_OP  reduce 120
	OR_OP  reduce 120
	';'  reduce 120
	','  reduce 120
	'?'  reduce 120
	':'  reduce 120
	'|'  reduce 120
	'^'  reduce 120
	'&'  reduce 120
	'>'  reduce 120
	'<'  reduce 120
	'+'  reduce 120
	'-'  reduce 120
	'}'  reduce 120
	')'  reduce 120
	']'  reduce 120


state 204
	additive_expression : additive_expression '-' multiplicative_expression .  (121)
	multiplicative_expression : multiplicative_expression . '*' cast_expression  (123)
	multiplicative_expression : multiplicative_expression . '/' cast_expression  (124)
	multiplicative_expression : multiplicative_expression . '%' cast_expression  (125)

	'*'  shift 154
	'/'  shift 155
	'%'  shift 156
	LEFT_OP  reduce 121
	RIGHT_OP  reduce 121
	LE_OP  reduce 121
	GE_OP  reduce 121
	EQ_OP  reduce 121
	NE_OP  reduce 121
	AND_OP  reduce 121
	OR_OP  reduce 121
	';'  reduce 121
	','  reduce 121
	'?'  reduce 121
	':'  reduce 121
	'|'  reduce 121
	'^'  reduce 121
	'&'  reduce 121
	'>'  reduce 121
	'<'  reduce 121
	'+'  reduce 121
	'-'  reduce 121
	'}'  reduce 121
	')'  reduce 121
	']'  reduce 121


state 205
	shift_expression : shift_expression LEFT_OP additive_expression .  (118)
	additive_expression : additive_expression . '+' multiplicative_expression  (120)
	additive_expression : additive_expression . '-' multiplicative_expression  (121)

	'+'  shift 157
	'-'  shift 158
	LEFT_OP  reduce 118
	RIGHT_OP  reduce 118
	LE_OP  reduce 118
	GE_OP  reduce 118
	EQ_OP  reduce 118
	NE_OP  reduce 118
	AND_OP  reduce 118
	OR_OP  reduce 118
	';'  reduce 118
	','  reduce 118
	'?'  reduce 118
	':'  reduce 118
	'|'  reduce 118
	'^'  reduce 118
	'&'  reduce 118
	'>'  reduce 118
	'<'  reduce 118
	'}'  reduce 118
	')'  reduce 118
	']'  reduce 118


state 206
	shift_expression : shift_expression RIGHT_OP additive_expression .  (119)
	additive_expression : additive_expression . '+' multiplicative_expression  (120)
	additive_expression : additive_expression . '-' multiplicative_expression  (121)

	'+'  shift 157
	'-'  shift 158
	LEFT_OP  reduce 119
	RIGHT_OP  reduce 119
	LE_OP  reduce 119
	GE_OP  reduce 119
	EQ_OP  reduce 119
	NE_OP  reduce 119
	AND_OP  reduce 119
	OR_OP  reduce 119
	';'  reduce 119
	','  reduce 119
	'?'  reduce 119
	':'  reduce 119
	'|'  reduce 119
	'^'  reduce 119
	'&'  reduce 119
	'>'  reduce 119
	'<'  reduce 119
	'}'  reduce 119
	')'  reduce 119
	']'  reduce 119


state 207
	relational_expression : relational_expression LE_OP shift_expression .  (115)
	shift_expression : shift_expression . LEFT_OP additive_expression  (118)
	shift_expression : shift_expression . RIGHT_OP additive_expression  (119)

	LEFT_OP  shift 159
	RIGHT_OP  shift 160
	LE_OP  reduce 115
	GE_OP  reduce 115
	EQ_OP  reduce 115
	NE_OP  reduce 115
	AND_OP  reduce 115
	OR_OP  reduce 115
	';'  reduce 115
	','  reduce 115
	'?'  reduce 115
	':'  reduce 115
	'|'  reduce 115
	'^'  reduce 115
	'&'  reduce 115
	'>'  reduce 115
	'<'  reduce 115
	'}'  reduce 115
	')'  reduce 115
	']'  reduce 115


state 208
	relational_expression : relational_expression GE_OP shift_expression .  (116)
	shift_expression : shift_expression . LEFT_OP additive_expression  (118)
	shift_expression : shift_expression . RIGHT_OP additive_expression  (119)

	LEFT_OP  shift 159
	RIGHT_OP  shift 160
	LE_OP  reduce 116
	GE_OP  reduce 116
	EQ_OP  reduce 116
	NE_OP  reduce 116
	AND_OP  reduce 116
	OR_OP  reduce 116
	';'  reduce 116
	','  reduce 116
	'?'  reduce 116
	':'  reduce 116
	'|'  reduce 116
	'^'  reduce 116
	'&'  reduce 116
	'>'  reduce 116
	'<'  reduce 116
	'}'  reduce 116
	')'  reduce 116
	']'  reduce 116


state 209
	relational_expression : relational_expression '>' shift_expression .  (114)
	shift_expression : shift_expression . LEFT_OP additive_expression  (118)
	shift_expression : shift_expression . RIGHT_OP additive_expression  (119)

	LEFT_OP  shift 159
	RIGHT_OP  shift 160
	LE_OP  reduce 114
	GE_OP  reduce 114
	EQ_OP  reduce 114
	NE_OP  reduce 114
	AND_OP  reduce 114
	OR_OP  reduce 114
	';'  reduce 114
	','  reduce 114
	'?'  reduce 114
	':'  reduce 114
	'|'  reduce 114
	'^'  reduce 114
	'&'  reduce 114
	'>'  reduce 114
	'<'  reduce 114
	'}'  reduce 114
	')'  reduce 114
	']'  reduce 114


state 210
	relational_expression : relational_expression '<' shift_expression .  (113)
	shift_expression : shift_expression . LEFT_OP additive_expression  (118)
	shift_expression : shift_expression . RIGHT_OP additive_expression  (119)

	LEFT_OP  shift 159
	RIGHT_OP  shift 160
	LE_OP  reduce 113
	GE_OP  reduce 113
	EQ_OP  reduce 113
	NE_OP  reduce 113
	AND_OP  reduce 113
	OR_OP  reduce 113
	';'  reduce 113
	','  reduce 113
	'?'  reduce 113
	':'  reduce 113
	'|'  reduce 113
	'^'  reduce 113
	'&'  reduce 113
	'>'  reduce 113
	'<'  reduce 113
	'}'  reduce 113
	')'  reduce 113
	']'  reduce 113


state 211
	equality_expression : equality_expression EQ_OP relational_expression .  (110)
	relational_expression : relational_expression . '<' shift_expression  (113)
	relational_expression : relational_expression . '>' shift_expression  (114)
	relational_expression : relational_expression . LE_OP shift_expression  (115)
	relational_expression : relational_expression . GE_OP shift_expression  (116)

	LE_OP  shift 161
	GE_OP  shift 162
	'>'  shift 163
	'<'  shift 164
	EQ_OP  reduce 110
	NE_OP  reduce 110
	AND_OP  reduce 110
	OR_OP  reduce 110
	';'  reduce 110
	','  reduce 110
	'?'  reduce 110
	':'  reduce 110
	'|'  reduce 110
	'^'  reduce 110
	'&'  reduce 110
	'}'  reduce 110
	')'  reduce 110
	']'  reduce 110


state 212
	equality_expression : equality_expression NE_OP relational_expression .  (111)
	relational_expression : relational_expression . '<' shift_expression  (113)
	relational_expression : relational_expression . '>' shift_expression  (114)
	relational_expression : relational_expression . LE_OP shift_expression  (115)
	relational_expression : relational_expression . GE_OP shift_expression  (116)

	LE_OP  shift 161
	GE_OP  shift 162
	'>'  shift 163
	'<'  shift 164
	EQ_OP  reduce 111
	NE_OP  reduce 111
	AND_OP  reduce 111
	OR_OP  reduce 111
	';'  reduce 111
	','  reduce 111
	'?'  reduce 111
	':'  reduce 111
	'|'  reduce 111
	'^'  reduce 111
	'&'  reduce 111
	'}'  reduce 111
	')'  reduce 111
	']'  reduce 111


state 213
	and_expression : and_expression '&' equality_expression .  (108)
	equality_expression : equality_expression . EQ_OP relational_expression  (110)
	equality_expression : equality_expression . NE_OP relational_expression  (111)

	EQ_OP  shift 165
	NE_OP  shift 166
	AND_OP  reduce 108
	OR_OP  reduce 108
	';'  reduce 108
	','  reduce 108
	'?'  reduce 108
	':'  reduce 108
	'|'  reduce 108
	'^'  reduce 108
	'&'  reduce 108
	'}'  reduce 108
	')'  reduce 108
	']'  reduce 108


state 214
	exclusive_or_expression : exclusive_or_expression '^' and_expression .  (106)
	and_expression : and_expression . '&' equality_expression  (108)

	'&'  shift 167
	AND_OP  reduce 106
	OR_OP  reduce 106
	';'  reduce 106
	','  reduce 106
	'?'  reduce 106
	':'  reduce 106
	'|'  reduce 106
	'^'  reduce 106
	'}'  reduce 106
	')'  reduce 106
	']'  reduce 106


state 215
	inclusive_or_expression : inclusive_or_expression '|' exclusive_or_expression .  (104)
	exclusive_or_expression : exclusive_or_expression . '^' and_expression  (106)

	'^'  shift 168
	AND_OP  reduce 104
	OR_OP  reduce 104
	';'  reduce 104
	','  reduce 104
	'?'  reduce 104
	':'  reduce 104
	'|'  reduce 104
	'}'  reduce 104
	')'  reduce 104
	']'  reduce 104


state 216
	logical_and_expression : logical_and_expression AND_OP inclusive_or_expression .  (102)
	inclusive_or_expression : inclusive_or_expression . '|' exclusive_or_expression  (104)

	'|'  shift 169
	AND_OP  reduce 102
	OR_OP  reduce 102
	';'  reduce 102
	','  reduce 102
	'?'  reduce 102
	':'  reduce 102
	'}'  reduce 102
	')'  reduce 102
	']'  reduce 102


state 217
	logical_or_expression : logical_or_expression OR_OP logical_and_expression .  (100)
	logical_and_expression : logical_and_expression . AND_OP inclusive_or_expression  (102)

	AND_OP  shift 170
	OR_OP  reduce 100
	';'  reduce 100
	','  reduce 100
	'?'  reduce 100
	':'  reduce 100
	'}'  reduce 100
	')'  reduce 100
	']'  reduce 100


state 218
	expression : expression . ',' assignment_expression  (88)
	conditional_expression : logical_or_expression '?' expression . ':' conditional_expression  (98)

	','  shift 174
	':'  shift 234
	.  error


state 219
	expression : expression ',' assignment_expression .  (88)

	.  reduce 88


state 220
	parameter_type_list : parameter_list ',' ELLIPSIS .  (75)

	.  reduce 75


state 221
	parameter_list : parameter_list ',' parameter_declaration .  (77)

	.  reduce 77


state 222
	initializer : '{' initializer_list ',' . '}'  (84)
	initializer_list : initializer_list ',' . initializer  (86)

	IDENTIFIER  shift 115
	FCONSTANT  shift 56
	CONSTANT  shift 57
	CCONSTANT  shift 58
	STRING_LITERAL  shift 59
	INC_OP  shift 60
	DEC_OP  shift 61
	FUNCTION  shift 72
	'&'  shift 74
	'+'  shift 75
	'-'  shift 76
	'*'  shift 77
	'{'  shift 121
	'}'  shift 235
	'('  shift 79
	'~'  shift 80
	'!'  shift 81
	.  error

	constant  goto 82
	primary_expression  goto 83
	postfix_expression  goto 84
	unary_operator  goto 85
	unary_expression  goto 86
	cast_expression  goto 87
	multiplicative_expression  goto 88
	additive_expression  goto 89
	shift_expression  goto 90
	relational_expression  goto 91
	equality_expression  goto 92
	and_expression  goto 93
	exclusive_or_expression  goto 94
	inclusive_or_expression  goto 95
	logical_and_expression  goto 96
	logical_or_expression  goto 97
	conditional_expression  goto 98
	assignment_expression  goto 122
	initializer  goto 236


state 223
	initializer : '{' initializer_list '}' .  (83)

	.  reduce 83


state 224
	labeled_statement : CASE conditional_expression ':' statement .  (25)

	.  reduce 25


state 225
	selection_statement : IF '(' expression ')' . compound_statement  (27)
	selection_statement : IF '(' expression ')' . compound_statement ELSE compound_statement  (28)

	'{'  shift 41
	.  error

	compound_statement  goto 237


state 226
	selection_statement : SWITCH '(' expression ')' . compound_statement  (29)

	'{'  shift 41
	.  error

	compound_statement  goto 238


state 227
	iteration_statement : WHILE '(' expression ')' . statement  (30)

	IDENTIFIER  shift 55
	FCONSTANT  shift 56
	CONSTANT  shift 57
	CCONSTANT  shift 58
	STRING_LITERAL  shift 59
	INC_OP  shift 60
	DEC_OP  shift 61
	CASE  shift 62
	DEFAULT  shift 63
	IF  shift 64
	SWITCH  shift 65
	WHILE  shift 66
	DO  shift 67
	FOR  shift 68
	CONTINUE  shift 69
	BREAK  shift 70
	RETURN  shift 71
	FUNCTION  shift 72
	';'  shift 73
	'&'  shift 74
	'+'  shift 75
	'-'  shift 76
	'*'  shift 77
	'{'  shift 41
	'('  shift 79
	'~'  shift 80
	'!'  shift 81
	.  error

	constant  goto 82
	primary_expression  goto 83
	postfix_expression  goto 84
	unary_operator  goto 85
	unary_expression  goto 86
	cast_expression  goto 87
	multiplicative_expression  goto 88
	additive_expression  goto 89
	shift_expression  goto 90
	relational_expression  goto 91
	equality_expression  goto 92
	and_expression  goto 93
	exclusive_or_expression  goto 94
	inclusive_or_expression  goto 95
	logical_and_expression  goto 96
	logical_or_expression  goto 97
	conditional_expression  goto 98
	assignment_expression  goto 99
	expression  goto 100
	expression_statement  goto 101
	statement  goto 239
	compound_statement  goto 103
	selection_statement  goto 105
	jump_statement  goto 106
	iteration_statement  goto 107
	labeled_statement  goto 108


state 228
	iteration_statement : DO statement WHILE '(' . expression ')' ';'  (31)

	IDENTIFIER  shift 115
	FCONSTANT  shift 56
	CONSTANT  shift 57
	CCONSTANT  shift 58
	STRING_LITERAL  shift 59
	INC_OP  shift 60
	DEC_OP  shift 61
	FUNCTION  shift 72
	'&'  shift 74
	'+'  shift 75
	'-'  shift 76
	'*'  shift 77
	'('  shift 79
	'~'  shift 80
	'!'  shift 81
	.  error

	constant  goto 82
	primary_expression  goto 83
	postfix_expression  goto 84
	unary_operator  goto 85
	unary_expression  goto 86
	cast_expression  goto 87
	multiplicative_expression  goto 88
	additive_expression  goto 89
	shift_expression  goto 90
	relational_expression  goto 91
	equality_expression  goto 92
	and_expression  goto 93
	exclusive_or_expression  goto 94
	inclusive_or_expression  goto 95
	logical_and_expression  goto 96
	logical_or_expression  goto 97
	conditional_expression  goto 98
	assignment_expression  goto 99
	expression  goto 240


state 229
	iteration_statement : FOR '(' expression_statement expression_statement . ')' statement  (32)
	iteration_statement : FOR '(' expression_statement expression_statement . expression ')' statement  (33)

	IDENTIFIER  shift 115
	FCONSTANT  shift 56
	CONSTANT  shift 57
	CCONSTANT  shift 58
	STRING_LITERAL  shift 59
	INC_OP  shift 60
	DEC_OP  shift 61
	FUNCTION  shift 72
	'&'  shift 74
	'+'  shift 75
	'-'  shift 76
	'*'  shift 77
	'('  shift 79
	')'  shift 241
	'~'  shift 80
	'!'  shift 81
	.  error

	constant  goto 82
	primary_expression  goto 83
	postfix_expression  goto 84
	unary_operator  goto 85
	unary_expression  goto 86
	cast_expression  goto 87
	multiplicative_expression  goto 88
	additive_expression  goto 89
	shift_expression  goto 90
	relational_expression  goto 91
	equality_expression  goto 92
	and_expression  goto 93
	exclusive_or_expression  goto 94
	inclusive_or_expression  goto 95
	logical_and_expression  goto 96
	logical_or_expression  goto 97
	conditional_expression  goto 98
	assignment_expression  goto 99
	expression  goto 242


state 230
	cast_expression : '(' type_specifier ')' cast_expression .  (128)

	.  reduce 128


state 231
	argument_expression_list : argument_expression_list ',' . assignment_expression  (147)

	IDENTIFIER  shift 115
	FCONSTANT  shift 56
	CONSTANT  shift 57
	CCONSTANT  shift 58
	STRING_LITERAL  shift 59
	INC_OP  shift 60
	DEC_OP  shift 61
	FUNCTION  shift 72
	'&'  shift 74
	'+'  shift 75
	'-'  shift 76
	'*'  shift 77
	'('  shift 79
	'~'  shift 80
	'!'  shift 81
	.  error

	constant  goto 82
	primary_expression  goto 83
	postfix_expression  goto 84
	unary_operator  goto 85
	unary_expression  goto 86
	cast_expression  goto 87
	multiplicative_expression  goto 88
	additive_expression  goto 89
	shift_expression  goto 90
	relational_expression  goto 91
	equality_expression  goto 92
	and_expression  goto 93
	exclusive_or_expression  goto 94
	inclusive_or_expression  goto 95
	logical_and_expression  goto 96
	logical_or_expression  goto 97
	conditional_expression  goto 98
	assignment_expression  goto 243


state 232
	postfix_expression : postfix_expression '(' argument_expression_list ')' .  (143)

	.  reduce 143


state 233
	postfix_expression : postfix_expression '[' expression ']' .  (141)

	.  reduce 141


state 234
	conditional_expression : logical_or_expression '?' expression ':' . conditional_expression  (98)

	IDENTIFIER  shift 115
	FCONSTANT  shift 56
	CONSTANT  shift 57
	CCONSTANT  shift 58
	STRING_LITERAL  shift 59
	INC_OP  shift 60
	DEC_OP  shift 61
	FUNCTION  shift 72
	'&'  shift 74
	'+'  shift 75
	'-'  shift 76
	'*'  shift 77
	'('  shift 79
	'~'  shift 80
	'!'  shift 81
	.  error

	constant  goto 82
	primary_expression  goto 83
	postfix_expression  goto 84
	unary_operator  goto 85
	unary_expression  goto 116
	cast_expression  goto 87
	multiplicative_expression  goto 88
	additive_expression  goto 89
	shift_expression  goto 90
	relational_expression  goto 91
	equality_expression  goto 92
	and_expression  goto 93
	exclusive_or_expression  goto 94
	inclusive_or_expression  goto 95
	logical_and_expression  goto 96
	logical_or_expression  goto 97
	conditional_expression  goto 244


state 235
	initializer : '{' initializer_list ',' '}' .  (84)

	.  reduce 84


state 236
	initializer_list : initializer_list ',' initializer .  (86)

	.  reduce 86


state 237
	selection_statement : IF '(' expression ')' compound_statement .  (27)
	selection_statement : IF '(' expression ')' compound_statement . ELSE compound_statement  (28)

	ELSE  shift 245
	IDENTIFIER  reduce 27
	FCONSTANT  reduce 27
	CONSTANT  reduce 27
	CCONSTANT  reduce 27
	STRING_LITERAL  reduce 27
	INC_OP  reduce 27
	DEC_OP  reduce 27
	CHAR  reduce 27
	SHORT  reduce 27
	INT  reduce 27
	LONG  reduce 27
	SIGNED  reduce 27
	UNSIGNED  reduce 27
	FLOAT  reduce 27
	DOUBLE  reduce 27
	CONST  reduce 27
	VOID  reduce 27
	CASE  reduce 27
	DEFAULT  reduce 27
	IF  reduce 27
	SWITCH  reduce 27
	WHILE  reduce 27
	DO  reduce 27
	FOR  reduce 27
	CONTINUE  reduce 27
	BREAK  reduce 27
	RETURN  reduce 27
	FUNCTION  reduce 27
	';'  reduce 27
	'&'  reduce 27
	'+'  reduce 27
	'-'  reduce 27
	'*'  reduce 27
	'{'  reduce 27
	'}'  reduce 27
	'('  reduce 27
	'~'  reduce 27
	'!'  reduce 27


state 238
	selection_statement : SWITCH '(' expression ')' compound_statement .  (29)

	.  reduce 29


state 239
	iteration_statement : WHILE '(' expression ')' statement .  (30)

	.  reduce 30


state 240
	iteration_statement : DO statement WHILE '(' expression . ')' ';'  (31)
	expression : expression . ',' assignment_expression  (88)

	','  shift 174
	')'  shift 246
	.  error


state 241
	iteration_statement : FOR '(' expression_statement expression_statement ')' . statement  (32)

	IDENTIFIER  shift 55
	FCONSTANT  shift 56
	CONSTANT  shift 57
	CCONSTANT  shift 58
	STRING_LITERAL  shift 59
	INC_OP  shift 60
	DEC_OP  shift 61
	CASE  shift 62
	DEFAULT  shift 63
	IF  shift 64
	SWITCH  shift 65
	WHILE  shift 66
	DO  shift 67
	FOR  shift 68
	CONTINUE  shift 69
	BREAK  shift 70
	RETURN  shift 71
	FUNCTION  shift 72
	';'  shift 73
	'&'  shift 74
	'+'  shift 75
	'-'  shift 76
	'*'  shift 77
	'{'  shift 41
	'('  shift 79
	'~'  shift 80
	'!'  shift 81
	.  error

	constant  goto 82
	primary_expression  goto 83
	postfix_expression  goto 84
	unary_operator  goto 85
	unary_expression  goto 86
	cast_expression  goto 87
	multiplicative_expression  goto 88
	additive_expression  goto 89
	shift_expression  goto 90
	relational_expression  goto 91
	equality_expression  goto 92
	and_expression  goto 93
	exclusive_or_expression  goto 94
	inclusive_or_expression  goto 95
	logical_and_expression  goto 96
	logical_or_expression  goto 97
	conditional_expression  goto 98
	assignment_expression  goto 99
	expression  goto 100
	expression_statement  goto 101
	statement  goto 247
	compound_statement  goto 103
	selection_statement  goto 105
	jump_statement  goto 106
	iteration_statement  goto 107
	labeled_statement  goto 108


state 242
	iteration_statement : FOR '(' expression_statement expression_statement expression . ')' statement  (33)
	expression : expression . ',' assignment_expression  (88)

	','  shift 174
	')'  shift 248
	.  error


state 243
	argument_expression_list : argument_expression_list ',' assignment_expression .  (147)

	.  reduce 147


state 244
	conditional_expression : logical_or_expression '?' expression ':' conditional_expression .  (98)

	.  reduce 98


state 245
	selection_statement : IF '(' expression ')' compound_statement ELSE . compound_statement  (28)

	'{'  shift 41
	.  error

	compound_statement  goto 249


state 246
	iteration_statement : DO statement WHILE '(' expression ')' . ';'  (31)

	';'  shift 250
	.  error


state 247
	iteration_statement : FOR '(' expression_statement expression_statement ')' statement .  (32)

	.  reduce 32


state 248
	iteration_statement : FOR '(' expression_statement expression_statement expression ')' . statement  (33)

	IDENTIFIER  shift 55
	FCONSTANT  shift 56
	CONSTANT  shift 57
	CCONSTANT  shift 58
	STRING_LITERAL  shift 59
	INC_OP  shift 60
	DEC_OP  shift 61
	CASE  shift 62
	DEFAULT  shift 63
	IF  shift 64
	SWITCH  shift 65
	WHILE  shift 66
	DO  shift 67
	FOR  shift 68
	CONTINUE  shift 69
	BREAK  shift 70
	RETURN  shift 71
	FUNCTION  shift 72
	';'  shift 73
	'&'  shift 74
	'+'  shift 75
	'-'  shift 76
	'*'  shift 77
	'{'  shift 41
	'('  shift 79
	'~'  shift 80
	'!'  shift 81
	.  error

	constant  goto 82
	primary_expression  goto 83
	postfix_expression  goto 84
	unary_operator  goto 85
	unary_expression  goto 86
	cast_expression  goto 87
	multiplicative_expression  goto 88
	additive_expression  goto 89
	shift_expression  goto 90
	relational_expression  goto 91
	equality_expression  goto 92
	and_expression  goto 93
	exclusive_or_expression  goto 94
	inclusive_or_expression  goto 95
	logical_and_expression  goto 96
	logical_or_expression  goto 97
	conditional_expression  goto 98
	assignment_expression  goto 99
	expression  goto 100
	expression_statement  goto 101
	statement  goto 251
	compound_statement  goto 103
	selection_statement  goto 105
	jump_statement  goto 106
	iteration_statement  goto 107
	labeled_statement  goto 108


state 249
	selection_statement : IF '(' expression ')' compound_statement ELSE compound_statement .  (28)

	.  reduce 28


state 250
	iteration_statement : DO statement WHILE '(' expression ')' ';' .  (31)

	.  reduce 31


state 251
	iteration_statement : FOR '(' expression_statement expression_statement expression ')' statement .  (33)

	.  reduce 33


Rules never reduced:
	array_declaration : declaration_specifiers  (46)
	array_declaration : declaration_specifiers init_declarator_list  (47)
	identifier_list : IDENTIFIER  (80)
	identifier_list : identifier_list ',' IDENTIFIER  (81)


State 21 contains 1 reduce/reduce conflict.
State 30 contains 1 reduce/reduce conflict.
State 36 contains 1 reduce/reduce conflict.
State 37 contains 1 reduce/reduce conflict.
State 46 contains 1 reduce/reduce conflict.


90 terminals, 54 nonterminals
155 grammar rules, 252 states
